"../../../Engine/Content/EditorBlueprintResources/StandardMacros.uasset" 0
"../../../Engine/Content/EngineSky/C_Sky_Cloud_Color.uasset" 1
"../../../Engine/Content/EngineSky/C_Sky_Horizon_Color.uasset" 2
"../../../Engine/Content/EngineSky/C_Sky_Zenith_Color.uasset" 3
"../../../Engine/Content/EngineSky/T_Sky_Blue.uasset" 4
"../../../Engine/Content/EngineSky/T_Sky_Clouds_M.uasset" 5
"../../../Engine/Content/EngineSky/T_Sky_Stars.uasset" 6
"../../../Engine/Content/EngineSky/SM_SkySphere.uasset" 7
"../../../Engine/Content/EngineSky/M_Sky_Panning_Clouds2.uasset" 8
"../../../Engine/Content/EngineSky/BP_Sky_Sphere.uasset" 9
"../../../GGJ_2/Content/Blueprints/Mate.uasset" 10
"../../../GGJ_2/Content/Blueprints/Mate_Child.uasset" 11
"../../../Engine/Plugins/2D/Paper2D/Content/PlaceholderTextures/DummySpriteTexture.uasset" 12
"../../../Engine/Plugins/2D/Paper2D/Content/DefaultSpriteMaterial.uasset" 13
"../../../Engine/Plugins/2D/Paper2D/Content/TranslucentUnlitSpriteMaterial.uasset" 14
"../../../GGJ_2/Content/Sprites/Main_Character/Source/E_Spin/00068.uasset" 15
"../../../GGJ_2/Content/Sprites/Main_Character/Source/E_Spin/00068_Sprite.uasset" 16
"../../../GGJ_2/Content/Sprites/Main_Character/Source/MC_Crazy/00051.uasset" 17
"../../../GGJ_2/Content/Sprites/Main_Character/Source/MC_Crazy/00051_Sprite.uasset" 18
"../../../GGJ_2/Content/Sprites/Main_Character/Source/MC_Crazy/00052.uasset" 19
"../../../GGJ_2/Content/Sprites/Main_Character/Source/MC_Crazy/00052_Sprite.uasset" 20
"../../../GGJ_2/Content/Sprites/Main_Character/Source/MC_Crazy/00053.uasset" 21
"../../../GGJ_2/Content/Sprites/Main_Character/Source/MC_Crazy/00053_Sprite.uasset" 22
"../../../GGJ_2/Content/Sprites/Main_Character/Source/MC_Crazy/00054.uasset" 23
"../../../GGJ_2/Content/Sprites/Main_Character/Source/MC_Crazy/00054_Sprite.uasset" 24
"../../../GGJ_2/Content/Sprites/Main_Character/Source/MC_Crazy/00055.uasset" 25
"../../../GGJ_2/Content/Sprites/Main_Character/Source/MC_Crazy/00055_Sprite.uasset" 26
"../../../GGJ_2/Content/Sprites/Main_Character/Source/MC_Crazy/00056.uasset" 27
"../../../GGJ_2/Content/Sprites/Main_Character/Source/MC_Crazy/00056_Sprite.uasset" 28
"../../../GGJ_2/Content/Sprites/Main_Character/Source/MC_Crazy/00057.uasset" 29
"../../../GGJ_2/Content/Sprites/Main_Character/Source/MC_Crazy/00057_Sprite.uasset" 30
"../../../GGJ_2/Content/Sprites/Main_Character/Source/MC_Crazy/00058.uasset" 31
"../../../GGJ_2/Content/Sprites/Main_Character/Source/MC_Crazy/00058_Sprite.uasset" 32
"../../../GGJ_2/Content/Sprites/Main_Character/Source/MC_Crazy/00059.uasset" 33
"../../../GGJ_2/Content/Sprites/Main_Character/Source/MC_Crazy/00059_Sprite.uasset" 34
"../../../GGJ_2/Content/Sprites/Main_Character/Source/MC_Crazy/00060.uasset" 35
"../../../GGJ_2/Content/Sprites/Main_Character/Source/MC_Crazy/00060_Sprite.uasset" 36
"../../../GGJ_2/Content/Sprites/Main_Character/Source/MC_Crazy/00061.uasset" 37
"../../../GGJ_2/Content/Sprites/Main_Character/Source/MC_Crazy/00061_Sprite.uasset" 38
"../../../GGJ_2/Content/Sprites/Main_Character/Source/MC_Crazy/00062.uasset" 39
"../../../GGJ_2/Content/Sprites/Main_Character/Source/MC_Crazy/00062_Sprite.uasset" 40
"../../../GGJ_2/Content/Sprites/Main_Character/Source/MC_Crazy/00063.uasset" 41
"../../../GGJ_2/Content/Sprites/Main_Character/Source/MC_Crazy/00063_Sprite.uasset" 42
"../../../GGJ_2/Content/Sprites/Main_Character/Source/MC_Crazy/00064.uasset" 43
"../../../GGJ_2/Content/Sprites/Main_Character/Source/MC_Crazy/00064_Sprite.uasset" 44
"../../../GGJ_2/Content/Sprites/Main_Character/Source/MC_Crazy/00065.uasset" 45
"../../../GGJ_2/Content/Sprites/Main_Character/Source/MC_Crazy/00065_Sprite.uasset" 46
"../../../GGJ_2/Content/Sprites/Main_Character/Source/MC_Crazy/00066.uasset" 47
"../../../GGJ_2/Content/Sprites/Main_Character/Source/MC_Crazy/00066_Sprite.uasset" 48
"../../../GGJ_2/Content/Sprites/Main_Character/Source/MC_Crazy/00067.uasset" 49
"../../../GGJ_2/Content/Sprites/Main_Character/Source/MC_Crazy/00067_Sprite.uasset" 50
"../../../GGJ_2/Content/Sprites/Main_Character/FlipBooks/MC_Crazy.uasset" 51
"../../../GGJ_2/Content/Sprites/Main_Character/Source/MC_Down/00040.uasset" 52
"../../../GGJ_2/Content/Sprites/Main_Character/Source/MC_Down/00040_Sprite.uasset" 53
"../../../GGJ_2/Content/Sprites/Main_Character/Source/MC_Down/00041.uasset" 54
"../../../GGJ_2/Content/Sprites/Main_Character/Source/MC_Down/00041_Sprite.uasset" 55
"../../../GGJ_2/Content/Sprites/Main_Character/Source/MC_Down/00042.uasset" 56
"../../../GGJ_2/Content/Sprites/Main_Character/Source/MC_Down/00042_Sprite.uasset" 57
"../../../GGJ_2/Content/Sprites/Main_Character/Source/MC_Down/00043.uasset" 58
"../../../GGJ_2/Content/Sprites/Main_Character/Source/MC_Down/00043_Sprite.uasset" 59
"../../../GGJ_2/Content/Sprites/Main_Character/Source/MC_Down/00044.uasset" 60
"../../../GGJ_2/Content/Sprites/Main_Character/Source/MC_Down/00044_Sprite.uasset" 61
"../../../GGJ_2/Content/Sprites/Main_Character/Source/MC_Down/00045.uasset" 62
"../../../GGJ_2/Content/Sprites/Main_Character/Source/MC_Down/00045_Sprite.uasset" 63
"../../../GGJ_2/Content/Sprites/Main_Character/Source/MC_Down/00046.uasset" 64
"../../../GGJ_2/Content/Sprites/Main_Character/Source/MC_Down/00046_Sprite.uasset" 65
"../../../GGJ_2/Content/Sprites/Main_Character/Source/MC_Down/00047.uasset" 66
"../../../GGJ_2/Content/Sprites/Main_Character/Source/MC_Down/00047_Sprite.uasset" 67
"../../../GGJ_2/Content/Sprites/Main_Character/Source/MC_Down/00048.uasset" 68
"../../../GGJ_2/Content/Sprites/Main_Character/Source/MC_Down/00048_Sprite.uasset" 69
"../../../GGJ_2/Content/Sprites/Main_Character/Source/MC_Down/00049.uasset" 70
"../../../GGJ_2/Content/Sprites/Main_Character/Source/MC_Down/00049_Sprite.uasset" 71
"../../../GGJ_2/Content/Sprites/Main_Character/Source/MC_Down/00050.uasset" 72
"../../../GGJ_2/Content/Sprites/Main_Character/Source/MC_Down/00050_Sprite.uasset" 73
"../../../GGJ_2/Content/Sprites/Main_Character/FlipBooks/MC_Down.uasset" 74
"../../../GGJ_2/Content/Sprites/Main_Character/Source/MC_Idle/00001.uasset" 75
"../../../GGJ_2/Content/Sprites/Main_Character/Source/MC_Idle/00001_Sprite.uasset" 76
"../../../GGJ_2/Content/Sprites/Main_Character/Source/MC_Idle/00002.uasset" 77
"../../../GGJ_2/Content/Sprites/Main_Character/Source/MC_Idle/00002_Sprite.uasset" 78
"../../../GGJ_2/Content/Sprites/Main_Character/Source/MC_Idle/00003.uasset" 79
"../../../GGJ_2/Content/Sprites/Main_Character/Source/MC_Idle/00003_Sprite.uasset" 80
"../../../GGJ_2/Content/Sprites/Main_Character/Source/MC_Idle/00004.uasset" 81
"../../../GGJ_2/Content/Sprites/Main_Character/Source/MC_Idle/00004_Sprite.uasset" 82
"../../../GGJ_2/Content/Sprites/Main_Character/Source/MC_Idle/00005.uasset" 83
"../../../GGJ_2/Content/Sprites/Main_Character/Source/MC_Idle/00005_Sprite.uasset" 84
"../../../GGJ_2/Content/Sprites/Main_Character/FlipBooks/MC_Idle.uasset" 85
"../../../GGJ_2/Content/Sprites/Main_Character/Source/MC_Left/00006.uasset" 86
"../../../GGJ_2/Content/Sprites/Main_Character/Source/MC_Left/00006_Sprite.uasset" 87
"../../../GGJ_2/Content/Sprites/Main_Character/Source/MC_Left/00007.uasset" 88
"../../../GGJ_2/Content/Sprites/Main_Character/Source/MC_Left/00007_Sprite.uasset" 89
"../../../GGJ_2/Content/Sprites/Main_Character/Source/MC_Left/00008.uasset" 90
"../../../GGJ_2/Content/Sprites/Main_Character/Source/MC_Left/00008_Sprite.uasset" 91
"../../../GGJ_2/Content/Sprites/Main_Character/Source/MC_Left/00009.uasset" 92
"../../../GGJ_2/Content/Sprites/Main_Character/Source/MC_Left/00009_Sprite.uasset" 93
"../../../GGJ_2/Content/Sprites/Main_Character/Source/MC_Left/00010.uasset" 94
"../../../GGJ_2/Content/Sprites/Main_Character/Source/MC_Left/00010_Sprite.uasset" 95
"../../../GGJ_2/Content/Sprites/Main_Character/Source/MC_Left/00011.uasset" 96
"../../../GGJ_2/Content/Sprites/Main_Character/Source/MC_Left/00011_Sprite.uasset" 97
"../../../GGJ_2/Content/Sprites/Main_Character/Source/MC_Left/00012.uasset" 98
"../../../GGJ_2/Content/Sprites/Main_Character/Source/MC_Left/00012_Sprite.uasset" 99
"../../../GGJ_2/Content/Sprites/Main_Character/Source/MC_Left/00013.uasset" 100
"../../../GGJ_2/Content/Sprites/Main_Character/Source/MC_Left/00013_Sprite.uasset" 101
"../../../GGJ_2/Content/Sprites/Main_Character/Source/MC_Left/00014.uasset" 102
"../../../GGJ_2/Content/Sprites/Main_Character/Source/MC_Left/00014_Sprite.uasset" 103
"../../../GGJ_2/Content/Sprites/Main_Character/Source/MC_Left/00015.uasset" 104
"../../../GGJ_2/Content/Sprites/Main_Character/Source/MC_Left/00015_Sprite.uasset" 105
"../../../GGJ_2/Content/Sprites/Main_Character/Source/MC_Right/00016.uasset" 106
"../../../GGJ_2/Content/Sprites/Main_Character/Source/MC_Right/00016_Sprite.uasset" 107
"../../../GGJ_2/Content/Sprites/Main_Character/FlipBooks/MC_Left.uasset" 108
"../../../GGJ_2/Content/Sprites/Main_Character/Source/MC_Right/00017.uasset" 109
"../../../GGJ_2/Content/Sprites/Main_Character/Source/MC_Right/00017_Sprite.uasset" 110
"../../../GGJ_2/Content/Sprites/Main_Character/Source/MC_Right/00018.uasset" 111
"../../../GGJ_2/Content/Sprites/Main_Character/Source/MC_Right/00018_Sprite.uasset" 112
"../../../GGJ_2/Content/Sprites/Main_Character/Source/MC_Right/00019.uasset" 113
"../../../GGJ_2/Content/Sprites/Main_Character/Source/MC_Right/00019_Sprite.uasset" 114
"../../../GGJ_2/Content/Sprites/Main_Character/Source/MC_Right/00020.uasset" 115
"../../../GGJ_2/Content/Sprites/Main_Character/Source/MC_Right/00020_Sprite.uasset" 116
"../../../GGJ_2/Content/Sprites/Main_Character/Source/MC_Right/00021.uasset" 117
"../../../GGJ_2/Content/Sprites/Main_Character/Source/MC_Right/00021_Sprite.uasset" 118
"../../../GGJ_2/Content/Sprites/Main_Character/Source/MC_Right/00022.uasset" 119
"../../../GGJ_2/Content/Sprites/Main_Character/Source/MC_Right/00022_Sprite.uasset" 120
"../../../GGJ_2/Content/Sprites/Main_Character/Source/MC_Right/00023.uasset" 121
"../../../GGJ_2/Content/Sprites/Main_Character/Source/MC_Right/00023_Sprite.uasset" 122
"../../../GGJ_2/Content/Sprites/Main_Character/Source/MC_Right/00024.uasset" 123
"../../../GGJ_2/Content/Sprites/Main_Character/Source/MC_Right/00024_Sprite.uasset" 124
"../../../GGJ_2/Content/Sprites/Main_Character/Source/MC_Right/00025.uasset" 125
"../../../GGJ_2/Content/Sprites/Main_Character/Source/MC_Right/00025_Sprite.uasset" 126
"../../../GGJ_2/Content/Sprites/Main_Character/Source/MC_Right/00026.uasset" 127
"../../../GGJ_2/Content/Sprites/Main_Character/Source/MC_Right/00026_Sprite.uasset" 128
"../../../GGJ_2/Content/Sprites/Main_Character/FlipBooks/MC_Right.uasset" 129
"../../../GGJ_2/Content/Sprites/Main_Character/Source/MC_Up/00027.uasset" 130
"../../../GGJ_2/Content/Sprites/Main_Character/Source/MC_Up/00027_Sprite.uasset" 131
"../../../GGJ_2/Content/Sprites/Main_Character/Source/MC_Up/00028.uasset" 132
"../../../GGJ_2/Content/Sprites/Main_Character/Source/MC_Up/00028_Sprite.uasset" 133
"../../../GGJ_2/Content/Sprites/Main_Character/Source/MC_Up/00029.uasset" 134
"../../../GGJ_2/Content/Sprites/Main_Character/Source/MC_Up/00029_Sprite.uasset" 135
"../../../GGJ_2/Content/Sprites/Main_Character/Source/MC_Up/00031.uasset" 136
"../../../GGJ_2/Content/Sprites/Main_Character/Source/MC_Up/00031_Sprite.uasset" 137
"../../../GGJ_2/Content/Sprites/Main_Character/Source/MC_Up/00032.uasset" 138
"../../../GGJ_2/Content/Sprites/Main_Character/Source/MC_Up/00032_Sprite.uasset" 139
"../../../GGJ_2/Content/Sprites/Main_Character/Source/MC_Up/00033.uasset" 140
"../../../GGJ_2/Content/Sprites/Main_Character/Source/MC_Up/00033_Sprite.uasset" 141
"../../../GGJ_2/Content/Sprites/Main_Character/Source/MC_Up/00034.uasset" 142
"../../../GGJ_2/Content/Sprites/Main_Character/Source/MC_Up/00034_Sprite.uasset" 143
"../../../GGJ_2/Content/Sprites/Main_Character/Source/MC_Up/00035.uasset" 144
"../../../GGJ_2/Content/Sprites/Main_Character/Source/MC_Up/00035_Sprite.uasset" 145
"../../../GGJ_2/Content/Sprites/Main_Character/Source/MC_Up/00036.uasset" 146
"../../../GGJ_2/Content/Sprites/Main_Character/Source/MC_Up/00036_Sprite.uasset" 147
"../../../GGJ_2/Content/Sprites/Main_Character/Source/MC_Up/00037.uasset" 148
"../../../GGJ_2/Content/Sprites/Main_Character/Source/MC_Up/00037_Sprite.uasset" 149
"../../../GGJ_2/Content/Sprites/Main_Character/Source/MC_Up/00038.uasset" 150
"../../../GGJ_2/Content/Sprites/Main_Character/Source/MC_Up/00038_Sprite.uasset" 151
"../../../GGJ_2/Content/Sprites/Main_Character/Source/MC_Up/00039.uasset" 152
"../../../GGJ_2/Content/Sprites/Main_Character/Source/MC_Up/00039_Sprite.uasset" 153
"../../../GGJ_2/Content/Sprites/Main_Character/FlipBooks/MC_Up.uasset" 154
"../../../GGJ_2/Content/Blueprints/Player_GamePad.uasset" 155
"../../../Engine/Content/BasicShapes/BasicShapeMaterial.uasset" 156
"../../../Engine/Content/Functions/Engine_MaterialFunctions01/Opacity/CameraDepthFade.uasset" 157
"../../../Engine/Content/EngineMaterials/T_Default_Material_Grid_M.uasset" 158
"../../../Engine/Content/EngineMaterials/T_Default_Material_Grid_N.uasset" 159
"../../../Engine/Content/EngineMaterials/WorldGridMaterial.uasset" 160
"../../../Engine/Content/BasicShapes/Cube.uasset" 161
"../../../GGJ_2/Content/Assets/Drop_Shadow.uasset" 162
"../../../GGJ_2/Content/Assets/Drop_Shadow_Sprite.uasset" 163
"../../../GGJ_2/Content/Background/Scene-1.uasset" 164
"../../../GGJ_2/Content/Background/Scene-1_Sprite.uasset" 165
"../../../GGJ_2/Content/Sprites/Monster_1/Source/Down/00044.uasset" 166
"../../../GGJ_2/Content/Sprites/Monster_1/Source/Down/00044_Sprite.uasset" 167
"../../../GGJ_2/Content/Sprites/Monster_1/Source/Idle/00043.uasset" 168
"../../../GGJ_2/Content/Sprites/Monster_1/Source/Idle/00043_Sprite.uasset" 169
"../../../GGJ_2/Content/Sprites/Monster_1/Source/Idle/00044.uasset" 170
"../../../GGJ_2/Content/Sprites/Monster_1/Source/Idle/00044_Sprite.uasset" 171
"../../../GGJ_2/Content/Sprites/Monster_1/Source/Idle/00045.uasset" 172
"../../../GGJ_2/Content/Sprites/Monster_1/Source/Idle/00045_Sprite.uasset" 173
"../../../GGJ_2/Content/Sprites/Monster_1/Flipbooks/M1_Indle.uasset" 174
"../../../GGJ_2/Content/GGJ_Two.umap" 175
"../../../Engine/Content/EngineMaterials/DefaultMaterial.uasset" 176
"../../../Engine/Content/MapTemplates/SM_Template_Map_Floor.uasset" 177
"../../../GGJ_2/Content/GGJ_1.umap" 178
"../../../GGJ_2/Content/Assets/Plasticine.uasset" 179
"../../../GGJ_2/Content/Assets/Love_Heart.uasset" 180
"../../../GGJ_2/Content/Buttons/Button_A.uasset" 181
"../../../GGJ_2/Content/Buttons/Button_B.uasset" 182
"../../../GGJ_2/Content/Buttons/Button_LT_RT.uasset" 183
"../../../GGJ_2/Content/Buttons/Button_X.uasset" 184
"../../../GGJ_2/Content/Buttons/Button_Y.uasset" 185
"../../../GGJ_2/Content/Blueprints/Moves.uasset" 186
"../../../GGJ_2/Content/GGJ_Main.umap" 187
"../../../GGJ_2/Content/Sprites/GGJ_Level_Two.umap" 188
"../../../GGJ_2/Content/Sprites/Monster_1/Source/Down/00043.uasset" 189
"../../../GGJ_2/Content/Sprites/Monster_1/Source/Down/00043_Sprite.uasset" 190
"../../../GGJ_2/Content/Sprites/Monster_1/Source/Down/00046.uasset" 191
"../../../GGJ_2/Content/Sprites/Monster_1/Source/Down/00046_Sprite.uasset" 192
"../../../GGJ_2/Content/Sprites/Monster_1/Source/Down/00047.uasset" 193
"../../../GGJ_2/Content/Sprites/Monster_1/Source/Down/00047_Sprite.uasset" 194
"../../../GGJ_2/Content/Sprites/Monster_1/Source/Down/00048.uasset" 195
"../../../GGJ_2/Content/Sprites/Monster_1/Source/Down/00048_Sprite.uasset" 196
"../../../GGJ_2/Content/Sprites/Monster_1/Source/Down/00049.uasset" 197
"../../../GGJ_2/Content/Sprites/Monster_1/Source/Down/00049_Sprite.uasset" 198
"../../../GGJ_2/Content/Sprites/Monster_1/Source/Down/00050.uasset" 199
"../../../GGJ_2/Content/Sprites/Monster_1/Source/Down/00050_Sprite.uasset" 200
"../../../GGJ_2/Content/Sprites/Monster_1/Source/Down/00051.uasset" 201
"../../../GGJ_2/Content/Sprites/Monster_1/Source/Down/00051_Sprite.uasset" 202
"../../../GGJ_2/Content/Sprites/Monster_1/Flipbooks/M1_Down.uasset" 203
"../../../GGJ_2/Content/Sprites/Monster_1/Source/Left/00004.uasset" 204
"../../../GGJ_2/Content/Sprites/Monster_1/Source/Left/00004_Sprite.uasset" 205
"../../../GGJ_2/Content/Sprites/Monster_1/Source/Left/00005.uasset" 206
"../../../GGJ_2/Content/Sprites/Monster_1/Source/Left/00005_Sprite.uasset" 207
"../../../GGJ_2/Content/Sprites/Monster_1/Source/Left/00006.uasset" 208
"../../../GGJ_2/Content/Sprites/Monster_1/Source/Left/00006_Sprite.uasset" 209
"../../../GGJ_2/Content/Sprites/Monster_1/Source/Left/00007.uasset" 210
"../../../GGJ_2/Content/Sprites/Monster_1/Source/Left/00007_Sprite.uasset" 211
"../../../GGJ_2/Content/Sprites/Monster_1/Source/Left/00008.uasset" 212
"../../../GGJ_2/Content/Sprites/Monster_1/Source/Left/00008_Sprite.uasset" 213
"../../../GGJ_2/Content/Sprites/Monster_1/Source/Left/00009.uasset" 214
"../../../GGJ_2/Content/Sprites/Monster_1/Source/Left/00009_Sprite.uasset" 215
"../../../GGJ_2/Content/Sprites/Monster_1/Source/Left/00010.uasset" 216
"../../../GGJ_2/Content/Sprites/Monster_1/Source/Left/00010_Sprite.uasset" 217
"../../../GGJ_2/Content/Sprites/Monster_1/Source/Left/00011.uasset" 218
"../../../GGJ_2/Content/Sprites/Monster_1/Source/Left/00011_Sprite.uasset" 219
"../../../GGJ_2/Content/Sprites/Monster_1/Flipbooks/M1_Left.uasset" 220
"../../../GGJ_2/Content/Sprites/Monster_1/Source/Right/00011.uasset" 221
"../../../GGJ_2/Content/Sprites/Monster_1/Source/Right/00011_Sprite.uasset" 222
"../../../GGJ_2/Content/Sprites/Monster_1/Source/Right/00012.uasset" 223
"../../../GGJ_2/Content/Sprites/Monster_1/Source/Right/00012_Sprite.uasset" 224
"../../../GGJ_2/Content/Sprites/Monster_1/Source/Right/00013.uasset" 225
"../../../GGJ_2/Content/Sprites/Monster_1/Source/Right/00013_Sprite.uasset" 226
"../../../GGJ_2/Content/Sprites/Monster_1/Source/Right/00014.uasset" 227
"../../../GGJ_2/Content/Sprites/Monster_1/Source/Right/00014_Sprite.uasset" 228
"../../../GGJ_2/Content/Sprites/Monster_1/Source/Right/00015.uasset" 229
"../../../GGJ_2/Content/Sprites/Monster_1/Source/Right/00015_Sprite.uasset" 230
"../../../GGJ_2/Content/Sprites/Monster_1/Source/Right/00016.uasset" 231
"../../../GGJ_2/Content/Sprites/Monster_1/Source/Right/00016_Sprite.uasset" 232
"../../../GGJ_2/Content/Sprites/Monster_1/Source/Right/00017.uasset" 233
"../../../GGJ_2/Content/Sprites/Monster_1/Source/Right/00017_Sprite.uasset" 234
"../../../GGJ_2/Content/Sprites/Monster_1/Source/Right/00018.uasset" 235
"../../../GGJ_2/Content/Sprites/Monster_1/Source/Right/00018_Sprite.uasset" 236
"../../../GGJ_2/Content/Sprites/Monster_1/Source/Right/00019.uasset" 237
"../../../GGJ_2/Content/Sprites/Monster_1/Source/Right/00019_Sprite.uasset" 238
"../../../GGJ_2/Content/Sprites/Monster_1/Source/Up/00020.uasset" 239
"../../../GGJ_2/Content/Sprites/Monster_1/Source/Up/00020_Sprite.uasset" 240
"../../../GGJ_2/Content/Sprites/Monster_1/Flipbooks/M1_Right.uasset" 241
"../../../GGJ_2/Content/Sprites/Monster_1/Source/F/00029.uasset" 242
"../../../GGJ_2/Content/Sprites/Monster_1/Source/F/00029_Sprite.uasset" 243
"../../../GGJ_2/Content/Sprites/Monster_1/Source/F/00031.uasset" 244
"../../../GGJ_2/Content/Sprites/Monster_1/Source/F/00031_Sprite.uasset" 245
"../../../GGJ_2/Content/Sprites/Monster_1/Source/F/00032.uasset" 246
"../../../GGJ_2/Content/Sprites/Monster_1/Source/F/00032_Sprite.uasset" 247
"../../../GGJ_2/Content/Sprites/Monster_1/Source/F/00033.uasset" 248
"../../../GGJ_2/Content/Sprites/Monster_1/Source/F/00033_Sprite.uasset" 249
"../../../GGJ_2/Content/Sprites/Monster_1/Source/F/00034.uasset" 250
"../../../GGJ_2/Content/Sprites/Monster_1/Source/F/00034_Sprite.uasset" 251
"../../../GGJ_2/Content/Sprites/Monster_1/Source/F/00035.uasset" 252
"../../../GGJ_2/Content/Sprites/Monster_1/Source/F/00035_Sprite.uasset" 253
"../../../GGJ_2/Content/Sprites/Monster_1/Source/F/00036.uasset" 254
"../../../GGJ_2/Content/Sprites/Monster_1/Source/F/00036_Sprite.uasset" 255
"../../../GGJ_2/Content/Sprites/Monster_1/Source/F/00037.uasset" 256
"../../../GGJ_2/Content/Sprites/Monster_1/Source/F/00037_Sprite.uasset" 257
"../../../GGJ_2/Content/Sprites/Monster_1/Source/F/00038.uasset" 258
"../../../GGJ_2/Content/Sprites/Monster_1/Source/F/00038_Sprite.uasset" 259
"../../../GGJ_2/Content/Sprites/Monster_1/Source/F/00039.uasset" 260
"../../../GGJ_2/Content/Sprites/Monster_1/Source/F/00039_Sprite.uasset" 261
"../../../GGJ_2/Content/Sprites/Monster_1/Source/F/00040.uasset" 262
"../../../GGJ_2/Content/Sprites/Monster_1/Source/F/00040_Sprite.uasset" 263
"../../../GGJ_2/Content/Sprites/Monster_1/Source/F/00041.uasset" 264
"../../../GGJ_2/Content/Sprites/Monster_1/Source/F/00041_Sprite.uasset" 265
"../../../GGJ_2/Content/Sprites/Monster_1/Source/F/00042.uasset" 266
"../../../GGJ_2/Content/Sprites/Monster_1/Source/F/00042_Sprite.uasset" 267
"../../../GGJ_2/Content/Sprites/Monster_1/Source/F/00043.uasset" 268
"../../../GGJ_2/Content/Sprites/Monster_1/Source/F/00043_Sprite.uasset" 269
"../../../GGJ_2/Content/Sprites/Monster_1/Source/Up/00030.uasset" 270
"../../../GGJ_2/Content/Sprites/Monster_1/Source/Up/00030_Sprite.uasset" 271
"../../../GGJ_2/Content/Sprites/Monster_1/Flipbooks/M1_Special.uasset" 272
"../../../GGJ_2/Content/Sprites/Monster_1/Source/Up/00021.uasset" 273
"../../../GGJ_2/Content/Sprites/Monster_1/Source/Up/00021_Sprite.uasset" 274
"../../../GGJ_2/Content/Sprites/Monster_1/Source/Up/00022.uasset" 275
"../../../GGJ_2/Content/Sprites/Monster_1/Source/Up/00022_Sprite.uasset" 276
"../../../GGJ_2/Content/Sprites/Monster_1/Source/Up/00024.uasset" 277
"../../../GGJ_2/Content/Sprites/Monster_1/Source/Up/00024_Sprite.uasset" 278
"../../../GGJ_2/Content/Sprites/Monster_1/Source/Up/00025.uasset" 279
"../../../GGJ_2/Content/Sprites/Monster_1/Source/Up/00025_Sprite.uasset" 280
"../../../GGJ_2/Content/Sprites/Monster_1/Source/Up/00026.uasset" 281
"../../../GGJ_2/Content/Sprites/Monster_1/Source/Up/00026_Sprite.uasset" 282
"../../../GGJ_2/Content/Sprites/Monster_1/Source/Up/00027.uasset" 283
"../../../GGJ_2/Content/Sprites/Monster_1/Source/Up/00027_Sprite.uasset" 284
"../../../GGJ_2/Content/Sprites/Monster_1/Source/Up/00028.uasset" 285
"../../../GGJ_2/Content/Sprites/Monster_1/Source/Up/00028_Sprite.uasset" 286
"../../../GGJ_2/Content/Sprites/Monster_1/Source/Up/00029.uasset" 287
"../../../GGJ_2/Content/Sprites/Monster_1/Source/Up/00029_Sprite.uasset" 288
"../../../GGJ_2/Content/Sprites/Monster_1/Flipbooks/M1_Up.uasset" 289
"../../../GGJ_2/Content/Blueprints/Mate_m1.uasset" 290
"../../../GGJ_2/Content/Monster_2/M2_Crazy/00063.uasset" 291
"../../../GGJ_2/Content/Monster_2/M2_Crazy/00063_Sprite.uasset" 292
"../../../GGJ_2/Content/Monster_2/M2_Crazy/00065.uasset" 293
"../../../GGJ_2/Content/Monster_2/M2_Crazy/00065_Sprite.uasset" 294
"../../../GGJ_2/Content/Monster_2/M2_Crazy/00066.uasset" 295
"../../../GGJ_2/Content/Monster_2/M2_Crazy/00066_Sprite.uasset" 296
"../../../GGJ_2/Content/Monster_2/M2_Crazy/00067.uasset" 297
"../../../GGJ_2/Content/Monster_2/M2_Crazy/00067_Sprite.uasset" 298
"../../../GGJ_2/Content/Monster_2/M2_Crazy/00068.uasset" 299
"../../../GGJ_2/Content/Monster_2/M2_Crazy/00068_Sprite.uasset" 300
"../../../GGJ_2/Content/Monster_2/M2_Crazy/00069.uasset" 301
"../../../GGJ_2/Content/Monster_2/M2_Crazy/00069_Sprite.uasset" 302
"../../../GGJ_2/Content/Monster_2/M2_Crazy/00070.uasset" 303
"../../../GGJ_2/Content/Monster_2/M2_Crazy/00070_Sprite.uasset" 304
"../../../GGJ_2/Content/Monster_2/M2_Crazy/00071.uasset" 305
"../../../GGJ_2/Content/Monster_2/M2_Crazy/00071_Sprite.uasset" 306
"../../../GGJ_2/Content/Monster_2/M2_Crazy/00072.uasset" 307
"../../../GGJ_2/Content/Monster_2/M2_Crazy/00072_Sprite.uasset" 308
"../../../GGJ_2/Content/Monster_2/M2_Crazy/00073.uasset" 309
"../../../GGJ_2/Content/Monster_2/M2_Crazy/00073_Sprite.uasset" 310
"../../../GGJ_2/Content/Monster_2/M2_Crazy/00074.uasset" 311
"../../../GGJ_2/Content/Monster_2/M2_Crazy/00074_Sprite.uasset" 312
"../../../GGJ_2/Content/Monster_2/M2_Crazy/00075.uasset" 313
"../../../GGJ_2/Content/Monster_2/M2_Crazy/00075_Sprite.uasset" 314
"../../../GGJ_2/Content/Monster_2/M2_Crazy/00076.uasset" 315
"../../../GGJ_2/Content/Monster_2/M2_Crazy/00076_Sprite.uasset" 316
"../../../GGJ_2/Content/Monster_2/M2_Crazy/00077.uasset" 317
"../../../GGJ_2/Content/Monster_2/M2_Crazy/00077_Sprite.uasset" 318
"../../../GGJ_2/Content/Monster_2/M2_Crazy/00078.uasset" 319
"../../../GGJ_2/Content/Monster_2/M2_Crazy/00078_Sprite.uasset" 320
"../../../GGJ_2/Content/Monster_2/M2_Crazy/M2_Crazy.uasset" 321
"../../../GGJ_2/Content/Monster_2/M2_Down/00040.uasset" 322
"../../../GGJ_2/Content/Monster_2/M2_Down/00040_Sprite.uasset" 323
"../../../GGJ_2/Content/Monster_2/M2_Down/00041.uasset" 324
"../../../GGJ_2/Content/Monster_2/M2_Down/00041_Sprite.uasset" 325
"../../../GGJ_2/Content/Monster_2/M2_Down/00042.uasset" 326
"../../../GGJ_2/Content/Monster_2/M2_Down/00042_Sprite.uasset" 327
"../../../GGJ_2/Content/Monster_2/M2_Down/00043.uasset" 328
"../../../GGJ_2/Content/Monster_2/M2_Down/00043_Sprite.uasset" 329
"../../../GGJ_2/Content/Monster_2/M2_Down/00044.uasset" 330
"../../../GGJ_2/Content/Monster_2/M2_Down/00044_Sprite.uasset" 331
"../../../GGJ_2/Content/Monster_2/M2_Down/00045.uasset" 332
"../../../GGJ_2/Content/Monster_2/M2_Down/00045_Sprite.uasset" 333
"../../../GGJ_2/Content/Monster_2/M2_Down/00046.uasset" 334
"../../../GGJ_2/Content/Monster_2/M2_Down/00046_Sprite.uasset" 335
"../../../GGJ_2/Content/Monster_2/M2_Down/00047.uasset" 336
"../../../GGJ_2/Content/Monster_2/M2_Down/00047_Sprite.uasset" 337
"../../../GGJ_2/Content/Monster_2/M2_Down/00048.uasset" 338
"../../../GGJ_2/Content/Monster_2/M2_Down/00048_Sprite.uasset" 339
"../../../GGJ_2/Content/Monster_2/M2_Down/00049.uasset" 340
"../../../GGJ_2/Content/Monster_2/M2_Down/00049_Sprite.uasset" 341
"../../../GGJ_2/Content/Monster_2/M2_Down/00050.uasset" 342
"../../../GGJ_2/Content/Monster_2/M2_Down/00050_Sprite.uasset" 343
"../../../GGJ_2/Content/Monster_2/M2_Down/00051.uasset" 344
"../../../GGJ_2/Content/Monster_2/M2_Down/00051_Sprite.uasset" 345
"../../../GGJ_2/Content/Monster_2/M2_Down/M2_Down.uasset" 346
"../../../GGJ_2/Content/Monster_2/M2_Idle/00001.uasset" 347
"../../../GGJ_2/Content/Monster_2/M2_Idle/00001_Sprite.uasset" 348
"../../../GGJ_2/Content/Monster_2/M2_Idle/00002.uasset" 349
"../../../GGJ_2/Content/Monster_2/M2_Idle/00002_Sprite.uasset" 350
"../../../GGJ_2/Content/Monster_2/M2_Idle/00003.uasset" 351
"../../../GGJ_2/Content/Monster_2/M2_Idle/00003_Sprite.uasset" 352
"../../../GGJ_2/Content/Monster_2/M2_Idle/00004.uasset" 353
"../../../GGJ_2/Content/Monster_2/M2_Idle/00004_Sprite.uasset" 354
"../../../GGJ_2/Content/Monster_2/M2_Idle/00005.uasset" 355
"../../../GGJ_2/Content/Monster_2/M2_Idle/00005_Sprite.uasset" 356
"../../../GGJ_2/Content/Monster_2/M2_Idle/00006.uasset" 357
"../../../GGJ_2/Content/Monster_2/M2_Idle/00006_Sprite.uasset" 358
"../../../GGJ_2/Content/Monster_2/M2_Idle/00007.uasset" 359
"../../../GGJ_2/Content/Monster_2/M2_Idle/00007_Sprite.uasset" 360
"../../../GGJ_2/Content/Monster_2/M2_Idle/00008.uasset" 361
"../../../GGJ_2/Content/Monster_2/M2_Idle/00008_Sprite.uasset" 362
"../../../GGJ_2/Content/Monster_2/M2_Idle/00009.uasset" 363
"../../../GGJ_2/Content/Monster_2/M2_Idle/00009_Sprite.uasset" 364
"../../../GGJ_2/Content/Monster_2/M2_Idle/00010.uasset" 365
"../../../GGJ_2/Content/Monster_2/M2_Idle/00010_Sprite.uasset" 366
"../../../GGJ_2/Content/Monster_2/M2_Idle/00011.uasset" 367
"../../../GGJ_2/Content/Monster_2/M2_Idle/00011_Sprite.uasset" 368
"../../../GGJ_2/Content/Monster_2/M2_Idle/00012.uasset" 369
"../../../GGJ_2/Content/Monster_2/M2_Idle/00012_Sprite.uasset" 370
"../../../GGJ_2/Content/Monster_2/M2_Idle/00013.uasset" 371
"../../../GGJ_2/Content/Monster_2/M2_Idle/00013_Sprite.uasset" 372
"../../../GGJ_2/Content/Monster_2/M2_Idle/M2_Idle.uasset" 373
"../../../GGJ_2/Content/Monster_2/M2_Left/00013.uasset" 374
"../../../GGJ_2/Content/Monster_2/M2_Left/00013_Sprite.uasset" 375
"../../../GGJ_2/Content/Monster_2/M2_Left/00014.uasset" 376
"../../../GGJ_2/Content/Monster_2/M2_Left/00014_Sprite.uasset" 377
"../../../GGJ_2/Content/Monster_2/M2_Left/00015.uasset" 378
"../../../GGJ_2/Content/Monster_2/M2_Left/00015_Sprite.uasset" 379
"../../../GGJ_2/Content/Monster_2/M2_Left/00016.uasset" 380
"../../../GGJ_2/Content/Monster_2/M2_Left/00016_Sprite.uasset" 381
"../../../GGJ_2/Content/Monster_2/M2_Left/00017.uasset" 382
"../../../GGJ_2/Content/Monster_2/M2_Left/00017_Sprite.uasset" 383
"../../../GGJ_2/Content/Monster_2/M2_Left/00018.uasset" 384
"../../../GGJ_2/Content/Monster_2/M2_Left/00018_Sprite.uasset" 385
"../../../GGJ_2/Content/Monster_2/M2_Left/00019.uasset" 386
"../../../GGJ_2/Content/Monster_2/M2_Left/00019_Sprite.uasset" 387
"../../../GGJ_2/Content/Monster_2/M2_Left/00020.uasset" 388
"../../../GGJ_2/Content/Monster_2/M2_Left/00020_Sprite.uasset" 389
"../../../GGJ_2/Content/Monster_2/M2_Left/00021.uasset" 390
"../../../GGJ_2/Content/Monster_2/M2_Left/00021_Sprite.uasset" 391
"../../../GGJ_2/Content/Monster_2/M2_Left/00022.uasset" 392
"../../../GGJ_2/Content/Monster_2/M2_Left/00022_Sprite.uasset" 393
"../../../GGJ_2/Content/Monster_2/M2_Left/00023.uasset" 394
"../../../GGJ_2/Content/Monster_2/M2_Left/00023_Sprite.uasset" 395
"../../../GGJ_2/Content/Monster_2/M2_Left/00024.uasset" 396
"../../../GGJ_2/Content/Monster_2/M2_Left/00024_Sprite.uasset" 397
"../../../GGJ_2/Content/Monster_2/M2_Left/00025.uasset" 398
"../../../GGJ_2/Content/Monster_2/M2_Left/00025_Sprite.uasset" 399
"../../../GGJ_2/Content/Monster_2/M2_Left/00026.uasset" 400
"../../../GGJ_2/Content/Monster_2/M2_Left/00026_Sprite.uasset" 401
"../../../GGJ_2/Content/Monster_2/M2_Left/M2_Left.uasset" 402
"../../../GGJ_2/Content/Monster_2/M2_Right/00026.uasset" 403
"../../../GGJ_2/Content/Monster_2/M2_Right/00026_Sprite.uasset" 404
"../../../GGJ_2/Content/Monster_2/M2_Right/00027.uasset" 405
"../../../GGJ_2/Content/Monster_2/M2_Right/00027_Sprite.uasset" 406
"../../../GGJ_2/Content/Monster_2/M2_Right/00028.uasset" 407
"../../../GGJ_2/Content/Monster_2/M2_Right/00028_Sprite.uasset" 408
"../../../GGJ_2/Content/Monster_2/M2_Right/00029.uasset" 409
"../../../GGJ_2/Content/Monster_2/M2_Right/00029_Sprite.uasset" 410
"../../../GGJ_2/Content/Monster_2/M2_Right/00030.uasset" 411
"../../../GGJ_2/Content/Monster_2/M2_Right/00030_Sprite.uasset" 412
"../../../GGJ_2/Content/Monster_2/M2_Right/00031.uasset" 413
"../../../GGJ_2/Content/Monster_2/M2_Right/00031_Sprite.uasset" 414
"../../../GGJ_2/Content/Monster_2/M2_Right/00032.uasset" 415
"../../../GGJ_2/Content/Monster_2/M2_Right/00032_Sprite.uasset" 416
"../../../GGJ_2/Content/Monster_2/M2_Right/00033.uasset" 417
"../../../GGJ_2/Content/Monster_2/M2_Right/00033_Sprite.uasset" 418
"../../../GGJ_2/Content/Monster_2/M2_Right/00034.uasset" 419
"../../../GGJ_2/Content/Monster_2/M2_Right/00034_Sprite.uasset" 420
"../../../GGJ_2/Content/Monster_2/M2_Right/00035.uasset" 421
"../../../GGJ_2/Content/Monster_2/M2_Right/00035_Sprite.uasset" 422
"../../../GGJ_2/Content/Monster_2/M2_Right/00036.uasset" 423
"../../../GGJ_2/Content/Monster_2/M2_Right/00036_Sprite.uasset" 424
"../../../GGJ_2/Content/Monster_2/M2_Right/00037.uasset" 425
"../../../GGJ_2/Content/Monster_2/M2_Right/00037_Sprite.uasset" 426
"../../../GGJ_2/Content/Monster_2/M2_Right/00038.uasset" 427
"../../../GGJ_2/Content/Monster_2/M2_Right/00038_Sprite.uasset" 428
"../../../GGJ_2/Content/Monster_2/M2_Right/00039.uasset" 429
"../../../GGJ_2/Content/Monster_2/M2_Right/00039_Sprite.uasset" 430
"../../../GGJ_2/Content/Monster_2/M2_Right/00040.uasset" 431
"../../../GGJ_2/Content/Monster_2/M2_Right/00040_Sprite.uasset" 432
"../../../GGJ_2/Content/Monster_2/M2_Right/M2_right.uasset" 433
"../../../GGJ_2/Content/Monster_2/M2_Up/00051.uasset" 434
"../../../GGJ_2/Content/Monster_2/M2_Up/00051_Sprite.uasset" 435
"../../../GGJ_2/Content/Monster_2/M2_Up/00052.uasset" 436
"../../../GGJ_2/Content/Monster_2/M2_Up/00052_Sprite.uasset" 437
"../../../GGJ_2/Content/Monster_2/M2_Up/00053.uasset" 438
"../../../GGJ_2/Content/Monster_2/M2_Up/00053_Sprite.uasset" 439
"../../../GGJ_2/Content/Monster_2/M2_Up/00054.uasset" 440
"../../../GGJ_2/Content/Monster_2/M2_Up/00054_Sprite.uasset" 441
"../../../GGJ_2/Content/Monster_2/M2_Up/00055.uasset" 442
"../../../GGJ_2/Content/Monster_2/M2_Up/00055_Sprite.uasset" 443
"../../../GGJ_2/Content/Monster_2/M2_Up/00056.uasset" 444
"../../../GGJ_2/Content/Monster_2/M2_Up/00056_Sprite.uasset" 445
"../../../GGJ_2/Content/Monster_2/M2_Up/00057.uasset" 446
"../../../GGJ_2/Content/Monster_2/M2_Up/00057_Sprite.uasset" 447
"../../../GGJ_2/Content/Monster_2/M2_Up/00058.uasset" 448
"../../../GGJ_2/Content/Monster_2/M2_Up/00058_Sprite.uasset" 449
"../../../GGJ_2/Content/Monster_2/M2_Up/00059.uasset" 450
"../../../GGJ_2/Content/Monster_2/M2_Up/00059_Sprite.uasset" 451
"../../../GGJ_2/Content/Monster_2/M2_Up/00060.uasset" 452
"../../../GGJ_2/Content/Monster_2/M2_Up/00060_Sprite.uasset" 453
"../../../GGJ_2/Content/Monster_2/M2_Up/00061.uasset" 454
"../../../GGJ_2/Content/Monster_2/M2_Up/00061_Sprite.uasset" 455
"../../../GGJ_2/Content/Monster_2/M2_Up/00062.uasset" 456
"../../../GGJ_2/Content/Monster_2/M2_Up/00062_Sprite.uasset" 457
"../../../GGJ_2/Content/Monster_2/M2_Up/00063.uasset" 458
"../../../GGJ_2/Content/Monster_2/M2_Up/00063_Sprite.uasset" 459
"../../../GGJ_2/Content/Monster_2/M2_Up/M2_Up.uasset" 460
"../../../GGJ_2/Content/Blueprints/Mate_m2.uasset" 461
"../../../GGJ_2/Content/Blueprints/Player_GamePad2.uasset" 462
"../../../GGJ_2/Content/Audio/Danger_Storm.uasset" 463
"../../../GGJ_2/Content/Background/cave-wline.uasset" 464
"../../../GGJ_2/Content/Background/cave-wline_Sprite.uasset" 465
"../../../GGJ_2/Content/Second_Level.umap" 466
"../../../GGJ_2/Content/Audio/Meatball_Parade.uasset" 467
"../../../GGJ_2/Content/PrimaryLevel.umap" 468
"../../../Engine/Content/EngineMaterials/DefaultDiffuse.uasset" 469
"../../../Engine/Content/EngineMaterials/DefaultNormal.uasset" 470
"../../../Engine/Content/Maps/Entry.umap" 471
"../../../Engine/Content/EngineFonts/Roboto.uasset" 472
"../../../Engine/Content/Functions/Engine_MaterialFunctions01/Shading/PowerToRoughness.uasset" 473
"../../../Engine/Content/Functions/Engine_MaterialFunctions01/Shading/ConvertFromDiffSpec.uasset" 474
"../../../Engine/Content/EngineMaterials/DefaultDeferredDecalMaterial.uasset" 475
"../../../Engine/Content/EngineMaterials/DefaultLightFunctionMaterial.uasset" 476
"../../../Engine/Content/Functions/Engine_MaterialFunctions02/Utility/BreakOutFloat2Components.uasset" 477
"../../../Engine/Content/EngineMaterials/DefaultPostProcessMaterial.uasset" 478
"../../../Engine/Content/EngineResources/DefaultTexture.uasset" 479
"../../../Engine/Content/Functions/Engine_MaterialFunctions02/Texturing/ScreenAlignedUVs.uasset" 480
"../../../Engine/Content/EngineResources/WhiteSquareTexture.uasset" 481
"../../../Engine/Content/EngineMaterials/Widget3DPassThrough.uasset" 482
"../../../Engine/Content/EngineMaterials/Widget3DPassThrough_Translucent.uasset" 483
"../../../Engine/Content/EngineMaterials/Widget3DPassThrough_Translucent_OneSided.uasset" 484
"../../../Engine/Content/EngineMaterials/Widget3DPassThrough_Opaque.uasset" 485
"../../../Engine/Content/EngineMaterials/Widget3DPassThrough_Opaque_OneSided.uasset" 486
"../../../Engine/Content/EngineMaterials/Widget3DPassThrough_Masked.uasset" 487
"../../../Engine/Content/EngineMaterials/Widget3DPassThrough_Masked_OneSided.uasset" 488
"../../../Engine/Content/EditorResources/S_Actor.uasset" 489
"../../../Engine/Content/Maps/Templates/Thumbnails/Default.uasset" 490
"../../../Engine/Content/EditorMaterials/ParticleSystems/PSysThumbnail_NoImage.uasset" 491
"../../../Engine/Content/EditorMaterials/ParticleSystems/PSysThumbnail_OOD.uasset" 492
"../../../Engine/Content/EditorLandscapeResources/DataLayer.uasset" 493
"../../../Engine/Content/EngineDamageTypes/DmgTypeBP_Environmental.uasset" 494
"../../../Engine/Content/EngineMeshes/Sphere.uasset" 495
"../../../Engine/Content/EngineFonts/RobotoDistanceField.uasset" 496
"../../../Engine/Content/EngineMaterials/DefaultTextMaterialOpaque.uasset" 497
"../../../Engine/Content/EditorResources/S_Trigger.uasset" 498
"../../../Engine/Content/EngineResources/GradientTexture0.uasset" 499
"../../../Engine/Content/EngineResources/Black.uasset" 500
"../../../Engine/Content/EditorMaterials/MatineeGroups/MAT_Groups_Float.uasset" 501
"../../../Engine/Content/EditorMaterials/MatineeGroups/MAT_Groups_Director.uasset" 502
"../../../Engine/Content/EditorMaterials/MatineeGroups/MAT_Groups_Event.uasset" 503
"../../../Engine/Content/EditorMaterials/MatineeGroups/MAT_Groups_Anim.uasset" 504
"../../../Engine/Content/EditorMaterials/MatineeGroups/MAT_Groups_Fade.uasset" 505
"../../../Engine/Content/EditorMaterials/MatineeGroups/MAT_Groups_Move.uasset" 506
"../../../Engine/Content/EditorMaterials/MatineeGroups/MAT_Groups_Slomo.uasset" 507
"../../../Engine/Content/EditorMaterials/MatineeGroups/MAT_ColorTrack.uasset" 508
"../../../Engine/Content/EditorMaterials/MAT_Groups_Toggle.uasset" 509
"../../../Engine/Content/EditorMaterials/MatineeGroups/MAT_Groups_AudioMaster.uasset" 510
"../../../Engine/Content/EditorMaterials/MatineeGroups/MAT_Groups_Sound.uasset" 511
"../../../Engine/Content/EditorMaterials/MatineeGroups/MAT_Groups_Vector.uasset" 512
"../../../Engine/Content/EditorMaterials/MAT_Groups_Visibility.uasset" 513
"../../../Engine/Content/EngineResources/DefaultTextureCube.uasset" 514
"../../../Engine/Content/EngineMeshes/Cylinder.uasset" 515
"../../../Engine/Content/EngineTireTypes/DefaultTireType.uasset" 516
"../../../Engine/Content/EngineResources/AICON-Red.uasset" 517
"../../../Engine/Content/EngineResources/AICON-Green.uasset" 518
"../../../Engine/Content/Tutorial/Basics/LevelEditorAttract.uasset" 519
"../../../Engine/Content/Tutorial/Basics/TutorialAssets/icon_tab_Levels_40x.uasset" 520
"../../../Engine/Content/Tutorial/Basics/LevelEditorOverview.uasset" 521
"../../../Engine/Content/Tutorial/ContentIntroCurve.uasset" 522
"../../../Engine/Plugins/2D/Paper2D/Content/MaskedUnlitSpriteMaterial.uasset" 523
"../../../Engine/Plugins/2D/Paper2D/Content/OpaqueUnlitSpriteMaterial.uasset" 524
"../../../Engine/Plugins/2D/Paper2D/Content/DummySpriteTexture.uasset" 525
"../../../Engine/Plugins/2D/Paper2D/Content/DummySprite.uasset" 526
"../../../Engine/Plugins/2D/Paper2D/Content/DefaultPaperTerrainMaterial.uasset" 527
"../../../Engine/Plugins/Runtime/LeapMotionController/Content/LM_CapsuleMesh.uasset" 528
"../../../Engine/Plugins/Runtime/LeapMotionController/Content/LM_TorusMesh.uasset" 529
"../../../Engine/Plugins/Runtime/LeapMotionController/Content/LM_HandColor.uasset" 530
"../../../Engine/Plugins/Runtime/LeapMotionController/Content/LM_SampleDistortion.uasset" 531
"../../../Engine/Plugins/Runtime/LeapMotionController/Content/LM_TestTexture.uasset" 532
"../../../Engine/Plugins/Runtime/LeapMotionController/Content/LM_PassthroughMaterial.uasset" 533
"../../../Engine/Content/EngineMaterials/RemoveSurfaceMaterial.uasset" 534
"../../../Engine/Content/EngineDebugMaterials/DebugMeshMaterial.uasset" 535
"../../../Engine/Content/EngineMaterials/InvalidLightmapSettings.uasset" 536
"../../../Engine/Content/EngineMaterials/M_InvalidLightmapSettings.uasset" 537
"../../../Engine/Content/EditorMaterials/GizmoMaterial.uasset" 538
"../../../Engine/Content/EngineMaterials/Good64x64TilingNoiseHighFreq.uasset" 539
"../../../Engine/Content/EngineMaterials/DefaultBokeh.uasset" 540
"../../../Engine/Content/EngineMaterials/PreintegratedSkinBRDF.uasset" 541
"../../../Engine/Content/EngineMaterials/MiniFont.uasset" 542
"../../../Engine/Content/EngineMaterials/WeightMapPlaceholderTexture.uasset" 543
"../../../Engine/Content/EngineMaterials/DefaultWhiteGrid.uasset" 544
"../../../Engine/Content/EngineMaterials/DefaultPhysicalMaterial.uasset" 545
"../../../Engine/Content/EngineFonts/RobotoTiny.uasset" 546
"../../../Engine/Content/MobileResources/HUD/AnalogHat.uasset" 547
"../../../Engine/Content/MobileResources/HUD/VirtualJoystick_Background.uasset" 548
"../../../Engine/Content/MobileResources/HUD/VirtualJoystick_Thumb.uasset" 549
"../../../Engine/Content/MobileResources/HUD/DefaultVirtualJoysticks.uasset" 550
"../../../Engine/Content/MobileResources/HUD/MobileHUDButton1_on.uasset" 551
"../../../Engine/Content/MobileResources/HUD/MobileHUDDirectionPad.uasset" 552
"../../../Engine/Content/MobileResources/HUD/MobileHUDDirectionStick.uasset" 553
"../../../Engine/Content/EditorResources/EmptyActor.uasset" 554
"../../../Engine/Content/EditorResources/LightIcons/S_LightError.uasset" 555
"../../../GGJ_2/Content/Sprites/Monster_2/Source/M2_Up/00063.uasset" 556
"../../../GGJ_2/Content/Sprites/Monster_2/Source/M2_Left/00015.uasset" 557
"../../../GGJ_2/Content/Sprites/Monster_2/Source/M2_Down/00045.uasset" 558
"../../../GGJ_2/Content/Sprites/Monster_1/Source/Right/00020.uasset" 559
"../../../GGJ_2/Content/Sprites/Monster_1/Source/Right/00020_Sprite.uasset" 560
"../../../GGJ_2/Content/Sprites/Main_Character/Source/E_Spin/00079.uasset" 561
"../../../GGJ_2/Content/Sprites/Main_Character/Source/MC_Spin/00079_Sprite.uasset" 562
"../../../GGJ_2/Content/Sprites/Main_Character/Source/MC_Spin/00079.uasset" 563
"../../../GGJ_2/Content/Splash/Splash.uasset" 564
"../../../GGJ_2/Content/Monster_2/M2_Spin/00084.uasset" 565
"../../../GGJ_2/Content/Assets/Love_Heart_Sprite.uasset" 566
"../../../Engine/Content/MobileResources/HUD/MobileHUDDirectionPad3.uasset" 567
"../../../Engine/Content/MobileResources/HUD/MobileHUDButton2_on.uasset" 568
"../../../GGJ_2/Content/Sprites/Second_Level.uasset" 569
"../../../GGJ_2/Content/Sprites/Monster_2/Source/M2_Up/00061.uasset" 570
"../../../GGJ_2/Content/Sprites/Monster_2/Source/M2_Right/00028.uasset" 571
"../../../GGJ_2/Content/Sprites/Main_Character/Source/E_Spin/00085.uasset" 572
"../../../GGJ_2/Content/Sprites/Main_Character/Source/MC_Spin/00085_Sprite.uasset" 573
"../../../GGJ_2/Content/Sprites/Main_Character/Source/MC_Spin/00085.uasset" 574
"../../../GGJ_2/Content/Sprites/Main_Character/Source/E_Spin/00074.uasset" 575
"../../../GGJ_2/Content/Sprites/Main_Character/Source/MC_Spin/00074_Sprite.uasset" 576
"../../../GGJ_2/Content/Sprites/Main_Character/Source/MC_Spin/00074.uasset" 577
"../../../GGJ_2/Content/Sprites/Main_Character/Source/MC_Left/00016.uasset" 578
"../../../GGJ_2/Content/Sprites/Main_Character/Source/MC_Left/00016_Sprite.uasset" 579
"../../../GGJ_2/Content/Splash/AGL-Splash-Screen-Clay_bitmap.uasset" 580
"../../../GGJ_2/Content/Monster_2/M2_Spin/00081.uasset" 581
"../../../GGJ_2/Content/Monster_2/M2_Crazy/00080.uasset" 582
"../../../GGJ_2/Content/Monster_2/M2_Crazy/00080_Sprite.uasset" 583
"../../../GGJ_2/Content/Blueprints/Player_2.uasset" 584
"../../../GGJ_2/Content/Blueprints/Player_1.uasset" 585
"../../../GGJ_2/Content/Blueprints/PlayerController_One.uasset" 586
"../../../GGJ_2/Content/Blueprints/NewBlueprint.uasset" 587
"../../../GGJ_2/Content/Blueprints/Mate_Player.uasset" 588
"../../../GGJ_2/Content/Blueprints/Animations.uasset" 589
"../../../GGJ_2/Content/Background/Scene-3.uasset" 590
"../../../GGJ_2/Content/Background/Scene-3_Sprite.uasset" 591
"../../../GGJ_2/Content/Sprites/Monster_2/Source/M2_Spin/00096.uasset" 592
"../../../GGJ_2/Content/Sprites/Monster_2/Source/M2_Right/00033.uasset" 593
"../../../GGJ_2/Content/Sprites/Monster_2/Source/M2_Down/00041.uasset" 594
"../../../GGJ_2/Content/Sprites/Main_Character/Source/E_Spin/00088.uasset" 595
"../../../GGJ_2/Content/Sprites/Main_Character/Source/MC_Spin/00088_Sprite.uasset" 596
"../../../GGJ_2/Content/Sprites/Main_Character/Source/MC_Spin/00088.uasset" 597
"../../../GGJ_2/Content/Sprites/Main_Character/Source/MC_Spin/00075.uasset" 598
"../../../GGJ_2/Content/Splash/AGL-Splash-Screen-Clay.uasset" 599
"../../../GGJ_2/Content/Monster_2/M2_Snarl/00100.uasset" 600
"../../../GGJ_2/Content/Blueprints/TimeGraph.uasset" 601
"../../../GGJ_2/Content/Background/Scene-1_Mat.uasset" 602
"../../../GGJ_2/Content/Sprites/Monster_2/Source/M2_Up/00059.uasset" 603
"../../../GGJ_2/Content/Sprites/Monster_2/Source/M2_Right/00029.uasset" 604
"../../../GGJ_2/Content/Sprites/Monster_2/Source/M2_Down/00044.uasset" 605
"../../../GGJ_2/Content/Sprites/Main_Character/Source/E_Spin/00084.uasset" 606
"../../../GGJ_2/Content/Sprites/Main_Character/Source/MC_Spin/00084_Sprite.uasset" 607
"../../../GGJ_2/Content/Sprites/Main_Character/Source/MC_Spin/00084.uasset" 608
"../../../GGJ_2/Content/Sprites/Main_Character/Source/MC_Snarl/00132.uasset" 609
"../../../GGJ_2/Content/Sprites/Main_Character/Source/MC_Snarl/00132_Sprite.uasset" 610
"../../../GGJ_2/Content/Sprites/Main_Character/Source/MC_Snarl/00133.uasset" 611
"../../../GGJ_2/Content/Sprites/Main_Character/Source/MC_Snarl/00133_Sprite.uasset" 612
"../../../GGJ_2/Content/Sprites/Main_Character/Source/MC_Snarl/00134.uasset" 613
"../../../GGJ_2/Content/Sprites/Main_Character/Source/MC_Snarl/00134_Sprite.uasset" 614
"../../../GGJ_2/Content/Sprites/Main_Character/Source/MC_Snarl/00135.uasset" 615
"../../../GGJ_2/Content/Sprites/Main_Character/Source/MC_Snarl/00135_Sprite.uasset" 616
"../../../GGJ_2/Content/Sprites/Main_Character/Source/MC_Snarl/00136.uasset" 617
"../../../GGJ_2/Content/Sprites/Main_Character/Source/MC_Snarl/00136_Sprite.uasset" 618
"../../../GGJ_2/Content/Sprites/Main_Character/Source/MC_Snarl/00137.uasset" 619
"../../../GGJ_2/Content/Sprites/Main_Character/Source/MC_Snarl/00137_Sprite.uasset" 620
"../../../GGJ_2/Content/Sprites/Main_Character/Source/MC_Snarl/00138.uasset" 621
"../../../GGJ_2/Content/Sprites/Main_Character/Source/MC_Snarl/00138_Sprite.uasset" 622
"../../../GGJ_2/Content/Sprites/Main_Character/Source/MC_Snarl/00139.uasset" 623
"../../../GGJ_2/Content/Sprites/Main_Character/Source/MC_Snarl/00139_Sprite.uasset" 624
"../../../GGJ_2/Content/Sprites/Main_Character/Source/MC_Snarl/00140.uasset" 625
"../../../GGJ_2/Content/Sprites/Main_Character/Source/MC_Snarl/00140_Sprite.uasset" 626
"../../../GGJ_2/Content/Sprites/Main_Character/Source/MC_Snarl/00141.uasset" 627
"../../../GGJ_2/Content/Sprites/Main_Character/Source/MC_Snarl/00141_Sprite.uasset" 628
"../../../GGJ_2/Content/Sprites/Main_Character/Source/MC_Snarl/00142.uasset" 629
"../../../GGJ_2/Content/Sprites/Main_Character/Source/MC_Snarl/00142_Sprite.uasset" 630
"../../../GGJ_2/Content/Sprites/Main_Character/FlipBooks/MC_Snarl.uasset" 631
"../../../GGJ_2/Content/Sprites/Main_Character/Source/MC_Sassy/00089.uasset" 632
"../../../GGJ_2/Content/Sprites/Main_Character/Source/MC_Sassy/00089_Sprite.uasset" 633
"../../../GGJ_2/Content/Sprites/Main_Character/Source/MC_Sassy/00090.uasset" 634
"../../../GGJ_2/Content/Sprites/Main_Character/Source/MC_Sassy/00090_Sprite.uasset" 635
"../../../GGJ_2/Content/Sprites/Main_Character/Source/MC_Sassy/00091.uasset" 636
"../../../GGJ_2/Content/Sprites/Main_Character/Source/MC_Sassy/00091_Sprite.uasset" 637
"../../../GGJ_2/Content/Sprites/Main_Character/Source/MC_Sassy/00092.uasset" 638
"../../../GGJ_2/Content/Sprites/Main_Character/Source/MC_Sassy/00092_Sprite.uasset" 639
"../../../GGJ_2/Content/Sprites/Main_Character/Source/MC_Sassy/00093.uasset" 640
"../../../GGJ_2/Content/Sprites/Main_Character/Source/MC_Sassy/00093_Sprite.uasset" 641
"../../../GGJ_2/Content/Sprites/Main_Character/Source/MC_Sassy/00094.uasset" 642
"../../../GGJ_2/Content/Sprites/Main_Character/Source/MC_Sassy/00094_Sprite.uasset" 643
"../../../GGJ_2/Content/Sprites/Main_Character/Source/MC_Sassy/00095.uasset" 644
"../../../GGJ_2/Content/Sprites/Main_Character/Source/MC_Sassy/00095_Sprite.uasset" 645
"../../../GGJ_2/Content/Sprites/Main_Character/Source/MC_Sassy/00096.uasset" 646
"../../../GGJ_2/Content/Sprites/Main_Character/Source/MC_Sassy/00096_Sprite.uasset" 647
"../../../GGJ_2/Content/Sprites/Main_Character/Source/MC_Sassy/00097.uasset" 648
"../../../GGJ_2/Content/Sprites/Main_Character/Source/MC_Sassy/00097_Sprite.uasset" 649
"../../../GGJ_2/Content/Sprites/Main_Character/Source/MC_Sassy/00098.uasset" 650
"../../../GGJ_2/Content/Sprites/Main_Character/Source/MC_Sassy/00098_Sprite.uasset" 651
"../../../GGJ_2/Content/Sprites/Main_Character/Source/MC_Sassy/00099.uasset" 652
"../../../GGJ_2/Content/Sprites/Main_Character/Source/MC_Sassy/00099_Sprite.uasset" 653
"../../../GGJ_2/Content/Sprites/Main_Character/FlipBooks/MC_Sassy.uasset" 654
"../../../GGJ_2/Content/Sprites/Main_Character/Source/MC_Swapeyes/00156.uasset" 655
"../../../GGJ_2/Content/Sprites/Main_Character/Source/MC_Swapeyes/00156_Sprite.uasset" 656
"../../../GGJ_2/Content/Sprites/Main_Character/Source/MC_Swapeyes/00157.uasset" 657
"../../../GGJ_2/Content/Sprites/Main_Character/Source/MC_Swapeyes/00157_Sprite.uasset" 658
"../../../GGJ_2/Content/Sprites/Main_Character/Source/MC_Swapeyes/00158.uasset" 659
"../../../GGJ_2/Content/Sprites/Main_Character/Source/MC_Swapeyes/00158_Sprite.uasset" 660
"../../../GGJ_2/Content/Sprites/Main_Character/Source/MC_Swapeyes/00159.uasset" 661
"../../../GGJ_2/Content/Sprites/Main_Character/Source/MC_Swapeyes/00159_Sprite.uasset" 662
"../../../GGJ_2/Content/Sprites/Main_Character/Source/MC_Swapeyes/00160.uasset" 663
"../../../GGJ_2/Content/Sprites/Main_Character/Source/MC_Swapeyes/00160_Sprite.uasset" 664
"../../../GGJ_2/Content/Sprites/Main_Character/Source/MC_Swapeyes/00161.uasset" 665
"../../../GGJ_2/Content/Sprites/Main_Character/Source/MC_Swapeyes/00161_Sprite.uasset" 666
"../../../GGJ_2/Content/Sprites/Main_Character/Source/MC_Swapeyes/00162.uasset" 667
"../../../GGJ_2/Content/Sprites/Main_Character/Source/MC_Swapeyes/00162_Sprite.uasset" 668
"../../../GGJ_2/Content/Sprites/Main_Character/Source/MC_Swapeyes/00163.uasset" 669
"../../../GGJ_2/Content/Sprites/Main_Character/Source/MC_Swapeyes/00163_Sprite.uasset" 670
"../../../GGJ_2/Content/Sprites/Main_Character/Source/MC_Swapeyes/00164.uasset" 671
"../../../GGJ_2/Content/Sprites/Main_Character/Source/MC_Swapeyes/00164_Sprite.uasset" 672
"../../../GGJ_2/Content/Sprites/Main_Character/Source/MC_Swapeyes/00165.uasset" 673
"../../../GGJ_2/Content/Sprites/Main_Character/Source/MC_Swapeyes/00165_Sprite.uasset" 674
"../../../GGJ_2/Content/Sprites/Main_Character/Source/MC_Swapeyes/00167.uasset" 675
"../../../GGJ_2/Content/Sprites/Main_Character/Source/MC_Swapeyes/00167_Sprite.uasset" 676
"../../../GGJ_2/Content/Sprites/Main_Character/Source/MC_Swapeyes/00168.uasset" 677
"../../../GGJ_2/Content/Sprites/Main_Character/Source/MC_Swapeyes/00168_Sprite.uasset" 678
"../../../GGJ_2/Content/Sprites/Main_Character/Source/MC_Swapeyes/00169.uasset" 679
"../../../GGJ_2/Content/Sprites/Main_Character/Source/MC_Swapeyes/00169_Sprite.uasset" 680
"../../../GGJ_2/Content/Sprites/Main_Character/Source/MC_Swapeyes/00170.uasset" 681
"../../../GGJ_2/Content/Sprites/Main_Character/Source/MC_Swapeyes/00170_Sprite.uasset" 682
"../../../GGJ_2/Content/Sprites/Main_Character/Source/MC_Swapeyes/00171.uasset" 683
"../../../GGJ_2/Content/Sprites/Main_Character/Source/MC_Swapeyes/00171_Sprite.uasset" 684
"../../../GGJ_2/Content/Sprites/Main_Character/Source/MC_Swapeyes/00172.uasset" 685
"../../../GGJ_2/Content/Sprites/Main_Character/Source/MC_Swapeyes/00172_Sprite.uasset" 686
"../../../GGJ_2/Content/Sprites/Main_Character/FlipBooks/MC_EyeSwap.uasset" 687
"../../../GGJ_2/Content/Sprites/Main_Character/Source/MC_Eyespurt/00143.uasset" 688
"../../../GGJ_2/Content/Sprites/Main_Character/Source/MC_Eyespurt/00143_Sprite.uasset" 689
"../../../GGJ_2/Content/Sprites/Main_Character/Source/MC_Eyespurt/00144.uasset" 690
"../../../GGJ_2/Content/Sprites/Main_Character/Source/MC_Eyespurt/00144_Sprite.uasset" 691
"../../../GGJ_2/Content/Sprites/Main_Character/Source/MC_Eyespurt/00145.uasset" 692
"../../../GGJ_2/Content/Sprites/Main_Character/Source/MC_Eyespurt/00145_Sprite.uasset" 693
"../../../GGJ_2/Content/Sprites/Main_Character/Source/MC_Eyespurt/00146.uasset" 694
"../../../GGJ_2/Content/Sprites/Main_Character/Source/MC_Eyespurt/00146_Sprite.uasset" 695
"../../../GGJ_2/Content/Sprites/Main_Character/Source/MC_Eyespurt/00147.uasset" 696
"../../../GGJ_2/Content/Sprites/Main_Character/Source/MC_Eyespurt/00147_Sprite.uasset" 697
"../../../GGJ_2/Content/Sprites/Main_Character/Source/MC_Eyespurt/00148.uasset" 698
"../../../GGJ_2/Content/Sprites/Main_Character/Source/MC_Eyespurt/00148_Sprite.uasset" 699
"../../../GGJ_2/Content/Sprites/Main_Character/Source/MC_Eyespurt/00149.uasset" 700
"../../../GGJ_2/Content/Sprites/Main_Character/Source/MC_Eyespurt/00149_Sprite.uasset" 701
"../../../GGJ_2/Content/Sprites/Main_Character/Source/MC_Eyespurt/00150.uasset" 702
"../../../GGJ_2/Content/Sprites/Main_Character/Source/MC_Eyespurt/00150_Sprite.uasset" 703
"../../../GGJ_2/Content/Sprites/Main_Character/Source/MC_Eyespurt/00151.uasset" 704
"../../../GGJ_2/Content/Sprites/Main_Character/Source/MC_Eyespurt/00151_Sprite.uasset" 705
"../../../GGJ_2/Content/Sprites/Main_Character/Source/MC_Eyespurt/00152.uasset" 706
"../../../GGJ_2/Content/Sprites/Main_Character/Source/MC_Eyespurt/00152_Sprite.uasset" 707
"../../../GGJ_2/Content/Sprites/Main_Character/Source/MC_Eyespurt/00153.uasset" 708
"../../../GGJ_2/Content/Sprites/Main_Character/Source/MC_Eyespurt/00153_Sprite.uasset" 709
"../../../GGJ_2/Content/Sprites/Main_Character/Source/MC_Eyespurt/00154.uasset" 710
"../../../GGJ_2/Content/Sprites/Main_Character/Source/MC_Eyespurt/00154_Sprite.uasset" 711
"../../../GGJ_2/Content/Sprites/Main_Character/FlipBooks/MC_Eyespurt.uasset" 712
"../../../GGJ_2/Content/Sprites/Main_Character/Source/E_Eyedance/00113.uasset" 713
"../../../GGJ_2/Content/Sprites/Main_Character/Source/E_Eyedance/00113_Sprite.uasset" 714
"../../../GGJ_2/Content/Sprites/Main_Character/Source/E_Eyedance/00114.uasset" 715
"../../../GGJ_2/Content/Sprites/Main_Character/Source/E_Eyedance/00114_Sprite.uasset" 716
"../../../GGJ_2/Content/Sprites/Main_Character/Source/E_Eyedance/00115.uasset" 717
"../../../GGJ_2/Content/Sprites/Main_Character/Source/E_Eyedance/00115_Sprite.uasset" 718
"../../../GGJ_2/Content/Sprites/Main_Character/Source/E_Eyedance/00116.uasset" 719
"../../../GGJ_2/Content/Sprites/Main_Character/Source/E_Eyedance/00116_Sprite.uasset" 720
"../../../GGJ_2/Content/Sprites/Main_Character/Source/E_Eyedance/00117.uasset" 721
"../../../GGJ_2/Content/Sprites/Main_Character/Source/E_Eyedance/00117_Sprite.uasset" 722
"../../../GGJ_2/Content/Sprites/Main_Character/Source/E_Eyedance/00118.uasset" 723
"../../../GGJ_2/Content/Sprites/Main_Character/Source/E_Eyedance/00118_Sprite.uasset" 724
"../../../GGJ_2/Content/Sprites/Main_Character/Source/E_Eyedance/00119.uasset" 725
"../../../GGJ_2/Content/Sprites/Main_Character/Source/E_Eyedance/00119_Sprite.uasset" 726
"../../../GGJ_2/Content/Sprites/Main_Character/Source/E_Eyedance/00120.uasset" 727
"../../../GGJ_2/Content/Sprites/Main_Character/Source/E_Eyedance/00120_Sprite.uasset" 728
"../../../GGJ_2/Content/Sprites/Main_Character/Source/E_Eyedance/00121.uasset" 729
"../../../GGJ_2/Content/Sprites/Main_Character/Source/E_Eyedance/00121_Sprite.uasset" 730
"../../../GGJ_2/Content/Sprites/Main_Character/Source/E_Eyedance/00122.uasset" 731
"../../../GGJ_2/Content/Sprites/Main_Character/Source/E_Eyedance/00122_Sprite.uasset" 732
"../../../GGJ_2/Content/Sprites/Main_Character/Source/E_Eyedance/00123.uasset" 733
"../../../GGJ_2/Content/Sprites/Main_Character/Source/E_Eyedance/00123_Sprite.uasset" 734
"../../../GGJ_2/Content/Sprites/Main_Character/Source/E_Eyedance/00124.uasset" 735
"../../../GGJ_2/Content/Sprites/Main_Character/Source/E_Eyedance/00124_Sprite.uasset" 736
"../../../GGJ_2/Content/Sprites/Main_Character/Source/E_Eyedance/00125.uasset" 737
"../../../GGJ_2/Content/Sprites/Main_Character/Source/E_Eyedance/00125_Sprite.uasset" 738
"../../../GGJ_2/Content/Sprites/Main_Character/Source/E_Eyedance/00126.uasset" 739
"../../../GGJ_2/Content/Sprites/Main_Character/Source/E_Eyedance/00126_Sprite.uasset" 740
"../../../GGJ_2/Content/Sprites/Main_Character/Source/E_Eyedance/00127.uasset" 741
"../../../GGJ_2/Content/Sprites/Main_Character/Source/E_Eyedance/00127_Sprite.uasset" 742
"../../../GGJ_2/Content/Sprites/Main_Character/Source/E_Eyedance/00128.uasset" 743
"../../../GGJ_2/Content/Sprites/Main_Character/Source/E_Eyedance/00128_Sprite.uasset" 744
"../../../GGJ_2/Content/Sprites/Main_Character/Source/E_Eyedance/00129.uasset" 745
"../../../GGJ_2/Content/Sprites/Main_Character/Source/E_Eyedance/00129_Sprite.uasset" 746
"../../../GGJ_2/Content/Sprites/Main_Character/Source/E_Eyedance/00130.uasset" 747
"../../../GGJ_2/Content/Sprites/Main_Character/Source/E_Eyedance/00130_Sprite.uasset" 748
"../../../GGJ_2/Content/Sprites/Main_Character/FlipBooks/MC_Eyedance.uasset" 749
"../../../GGJ_2/Content/Splash/Icon.uasset" 750
"../../../GGJ_2/Content/Monster_2/M2_Snarl/00103.uasset" 751
"../../../GGJ_2/Content/Sprites/Monster_2/Source/M2_Up/00058.uasset" 752
"../../../GGJ_2/Content/Sprites/Monster_2/Source/M2_Left/00026.uasset" 753
"../../../GGJ_2/Content/Sprites/Main_Character/Source/E_Spin/00083.uasset" 754
"../../../GGJ_2/Content/Sprites/Main_Character/Source/MC_Spin/00083_Sprite.uasset" 755
"../../../GGJ_2/Content/Sprites/Main_Character/Source/MC_Spin/00083.uasset" 756
"../../../GGJ_2/Content/Sprites/Main_Character/Source/E_Spin/00070.uasset" 757
"../../../GGJ_2/Content/Sprites/Main_Character/Source/MC_Spin/00070_Sprite.uasset" 758
"../../../GGJ_2/Content/Sprites/Main_Character/Source/MC_Spin/00070.uasset" 759
"../../../GGJ_2/Content/Sprites/Main_Character/Source/E_Spin/00070_Sprite.uasset" 760
"../../../GGJ_2/Content/Sprites/Main_Character/Source/E_Spin/00071.uasset" 761
"../../../GGJ_2/Content/Sprites/Main_Character/Source/E_Spin/00071_Sprite.uasset" 762
"../../../GGJ_2/Content/Sprites/Main_Character/Source/E_Spin/00072.uasset" 763
"../../../GGJ_2/Content/Sprites/Main_Character/Source/E_Spin/00072_Sprite.uasset" 764
"../../../GGJ_2/Content/Sprites/Main_Character/Source/E_Spin/00073.uasset" 765
"../../../GGJ_2/Content/Sprites/Main_Character/Source/E_Spin/00073_Sprite.uasset" 766
"../../../GGJ_2/Content/Sprites/Main_Character/Source/E_Spin/00074_Sprite.uasset" 767
"../../../GGJ_2/Content/Sprites/Main_Character/Source/E_Spin/00075.uasset" 768
"../../../GGJ_2/Content/Sprites/Main_Character/Source/E_Spin/00075_Sprite.uasset" 769
"../../../GGJ_2/Content/Sprites/Main_Character/Source/E_Spin/00076.uasset" 770
"../../../GGJ_2/Content/Sprites/Main_Character/Source/E_Spin/00076_Sprite.uasset" 771
"../../../GGJ_2/Content/Sprites/Main_Character/Source/E_Spin/00077.uasset" 772
"../../../GGJ_2/Content/Sprites/Main_Character/Source/E_Spin/00077_Sprite.uasset" 773
"../../../GGJ_2/Content/Sprites/Main_Character/Source/E_Spin/00078.uasset" 774
"../../../GGJ_2/Content/Sprites/Main_Character/Source/E_Spin/00078_Sprite.uasset" 775
"../../../GGJ_2/Content/Sprites/Main_Character/Source/E_Spin/00079_Sprite.uasset" 776
"../../../GGJ_2/Content/Sprites/Main_Character/Source/E_Spin/00080.uasset" 777
"../../../GGJ_2/Content/Sprites/Main_Character/Source/E_Spin/00080_Sprite.uasset" 778
"../../../GGJ_2/Content/Sprites/Main_Character/Source/E_Spin/00081.uasset" 779
"../../../GGJ_2/Content/Sprites/Main_Character/Source/E_Spin/00081_Sprite.uasset" 780
"../../../GGJ_2/Content/Sprites/Main_Character/Source/E_Spin/00082.uasset" 781
"../../../GGJ_2/Content/Sprites/Main_Character/Source/E_Spin/00082_Sprite.uasset" 782
"../../../GGJ_2/Content/Sprites/Main_Character/Source/E_Spin/00083_Sprite.uasset" 783
"../../../GGJ_2/Content/Sprites/Main_Character/Source/E_Spin/00084_Sprite.uasset" 784
"../../../GGJ_2/Content/Sprites/Main_Character/Source/E_Spin/00085_Sprite.uasset" 785
"../../../GGJ_2/Content/Sprites/Main_Character/Source/E_Spin/00086.uasset" 786
"../../../GGJ_2/Content/Sprites/Main_Character/Source/E_Spin/00086_Sprite.uasset" 787
"../../../GGJ_2/Content/Sprites/Main_Character/Source/E_Spin/00087.uasset" 788
"../../../GGJ_2/Content/Sprites/Main_Character/Source/E_Spin/00087_Sprite.uasset" 789
"../../../GGJ_2/Content/Sprites/Main_Character/Source/E_Spin/00088_Sprite.uasset" 790
"../../../GGJ_2/Content/Sprites/Main_Character/FlipBooks/MC_Spin.uasset" 791
"../../../GGJ_2/Content/Sprites/Monster_2/Source/M2_Up/00055.uasset" 792
"../../../GGJ_2/Content/Sprites/Monster_2/Source/M2_Snarl/00104.uasset" 793
"../../../GGJ_2/Content/Sprites/Monster_2/Source/M2_Down/00042.uasset" 794
"../../../GGJ_2/Content/Sprites/Main_Character/Source/MC_Spin/00087.uasset" 795
"../../../GGJ_2/Content/Sprites/Main_Character/Source/MC_Spin/00080.uasset" 796
"../../../GGJ_2/Content/Monster_2/M2_Snarl/00105.uasset" 797
"../../../Engine/Content/MobileResources/HUD/MobileHUDButton2_off.uasset" 798
"../../../GGJ_2/Content/Sprites/Monster_2/Source/M2_Up/00062.uasset" 799
"../../../GGJ_2/Content/Sprites/Monster_2/Source/M2_Right/00034.uasset" 800
"../../../GGJ_2/Content/Sprites/Monster_2/Source/M2_Down/00051.uasset" 801
"../../../GGJ_2/Content/Sprites/Main_Character/Source/MC_Spin/00081.uasset" 802
"../../../GGJ_2/Content/Sprites/Main_Character/Source/MC_Spin/00068_2.uasset" 803
"../../../GGJ_2/Content/Sprites/Main_Character/Source/MC_Spin/00068.uasset" 804
"../../../GGJ_2/Content/Monster_2/M2_Spin/00094.uasset" 805
"../../../GGJ_2/Content/Sprites/Monster_2/Source/M2_Spin/00093.uasset" 806
"../../../GGJ_2/Content/Sprites/Monster_2/Source/M2_Left/00025.uasset" 807
"../../../GGJ_2/Content/Sprites/Monster_2/Source/M2_Crazy/00079.uasset" 808
"../../../GGJ_2/Content/Sprites/Monster_1/Source/F/00030.uasset" 809
"../../../GGJ_2/Content/Sprites/Monster_1/Source/F/00030_Sprite.uasset" 810
"../../../GGJ_2/Content/Sprites/Monster_1/Source/Down/00045.uasset" 811
"../../../GGJ_2/Content/Sprites/Monster_1/Source/Down/00045_Sprite.uasset" 812
"../../../GGJ_2/Content/Sprites/Main_Character/Source/MC_Spin/00073.uasset" 813
"../../../GGJ_2/Content/Monster_2/M2_Spin/00093.uasset" 814
"../../../GGJ_2/Content/Sprites/Monster_2/Source/M2_Snarl/00107.uasset" 815
"../../../GGJ_2/Content/Sprites/Monster_2/Source/M2_Idle/00013.uasset" 816
"../../../GGJ_2/Content/Sprites/Monster_2/Source/M2_Down/00043.uasset" 817
"../../../GGJ_2/Content/Sprites/Main_Character/Source/MC_Spin/00086.uasset" 818
"../../../GGJ_2/Content/Sprites/Main_Character/Source/MC_Spin/00072.uasset" 819
"../../../GGJ_2/Content/Monster_2/M2_Snarl/00101.uasset" 820
"../../../GGJ_2/Content/Sprites/Monster_2/Source/M2_Up/00053.uasset" 821
"../../../GGJ_2/Content/Sprites/Monster_2/Source/M2_Crazy/00072.uasset" 822
"../../../GGJ_2/Content/Sprites/Main_Character/Source/MC_Spin/00081_Sprite.uasset" 823
"../../../GGJ_2/Content/Sprites/Main_Character/Source/MC_Spin/00080_Sprite.uasset" 824
"../../../GGJ_2/Content/Sprites/Main_Character/Source/MC_Spin/00078_Sprite.uasset" 825
"../../../GGJ_2/Content/Sprites/Main_Character/Source/MC_Spin/00078.uasset" 826
"../../../GGJ_2/Content/Sprites/Main_Character/Source/MC_Spin/00071_Sprite.uasset" 827
"../../../GGJ_2/Content/Sprites/Main_Character/Source/MC_Spin/00071.uasset" 828
"../../../GGJ_2/Content/Monster_2/M2_Snarl/00107.uasset" 829
"../../../GGJ_2/Content/Buttons/Button_LT.uasset" 830
"../../../GGJ_2/Content/Sprites/Monster_2/Source/M2_Spin/00092.uasset" 831
"../../../GGJ_2/Content/Sprites/Monster_2/Source/M2_Left/00021.uasset" 832
"../../../GGJ_2/Content/Sprites/Main_Character/Source/MC_Spin/00082.uasset" 833
"../../../GGJ_2/Content/Sprites/Monster_2/Source/M2_Snarl/00101.uasset" 834
"../../../GGJ_2/Content/Sprites/Monster_2/Source/M2_Crazy/00068.uasset" 835
"../../../GGJ_2/Content/Monster_2/M2_Crazy/00079.uasset" 836
"../../../GGJ_2/Content/Monster_2/M2_Crazy/00079_Sprite.uasset" 837
"../../../GGJ_2/Content/Sprites/Monster_2/Source/M2_Spin/00087.uasset" 838
"../../../GGJ_2/Content/Sprites/Monster_2/Source/M2_Down/00040.uasset" 839
"../../../GGJ_2/Content/Sprites/Main_Character/Source/MC_Spin/00087_Sprite.uasset" 840
"../../../GGJ_2/Content/Sprites/Main_Character/Source/MC_Spin/00086_Sprite.uasset" 841
"../../../GGJ_2/Content/Sprites/Main_Character/Source/MC_Spin/00082_Sprite.uasset" 842
"../../../GGJ_2/Content/Sprites/Main_Character/Source/MC_Spin/00077_Sprite.uasset" 843
"../../../GGJ_2/Content/Sprites/Main_Character/Source/MC_Spin/00077.uasset" 844
"../../../GGJ_2/Content/Sprites/Monster_2/Source/M2_Spin/00090.uasset" 845
"../../../GGJ_2/Content/Sprites/Monster_2/Source/M2_Crazy/00074.uasset" 846
"../../../GGJ_2/Content/Sprites/Monster_2/Source/M2_Spin/00081.uasset" 847
"../../../GGJ_2/Content/Sprites/Monster_2/Source/M2_Crazy/00078.uasset" 848
"../../../GGJ_2/Content/Sprites/Main_Character/Source/MC_Stretch/00099.uasset" 849
"../../../GGJ_2/Content/Sprites/Main_Character/Source/MC_Stretch/00099_Sprite.uasset" 850
"../../../GGJ_2/Content/Sprites/Main_Character/Source/MC_Stretch/00100.uasset" 851
"../../../GGJ_2/Content/Sprites/Main_Character/Source/MC_Stretch/00100_Sprite.uasset" 852
"../../../GGJ_2/Content/Sprites/Main_Character/Source/MC_Stretch/00101.uasset" 853
"../../../GGJ_2/Content/Sprites/Main_Character/Source/MC_Stretch/00101_Sprite.uasset" 854
"../../../GGJ_2/Content/Sprites/Main_Character/Source/MC_Stretch/00102.uasset" 855
"../../../GGJ_2/Content/Sprites/Main_Character/Source/MC_Stretch/00102_Sprite.uasset" 856
"../../../GGJ_2/Content/Sprites/Main_Character/Source/MC_Stretch/00103.uasset" 857
"../../../GGJ_2/Content/Sprites/Main_Character/Source/MC_Stretch/00103_Sprite.uasset" 858
"../../../GGJ_2/Content/Sprites/Main_Character/Source/MC_Stretch/00104.uasset" 859
"../../../GGJ_2/Content/Sprites/Main_Character/Source/MC_Stretch/00104_Sprite.uasset" 860
"../../../GGJ_2/Content/Sprites/Main_Character/Source/MC_Stretch/00105.uasset" 861
"../../../GGJ_2/Content/Sprites/Main_Character/Source/MC_Stretch/00105_Sprite.uasset" 862
"../../../GGJ_2/Content/Sprites/Main_Character/Source/MC_Stretch/00106.uasset" 863
"../../../GGJ_2/Content/Sprites/Main_Character/Source/MC_Stretch/00106_Sprite.uasset" 864
"../../../GGJ_2/Content/Sprites/Main_Character/Source/MC_Stretch/00107.uasset" 865
"../../../GGJ_2/Content/Sprites/Main_Character/Source/MC_Stretch/00107_Sprite.uasset" 866
"../../../GGJ_2/Content/Sprites/Main_Character/Source/MC_Stretch/00108.uasset" 867
"../../../GGJ_2/Content/Sprites/Main_Character/Source/MC_Stretch/00108_Sprite.uasset" 868
"../../../GGJ_2/Content/Sprites/Main_Character/Source/MC_Stretch/00109.uasset" 869
"../../../GGJ_2/Content/Sprites/Main_Character/Source/MC_Stretch/00109_Sprite.uasset" 870
"../../../GGJ_2/Content/Sprites/Main_Character/Source/MC_Stretch/00111.uasset" 871
"../../../GGJ_2/Content/Sprites/Main_Character/Source/MC_Stretch/00111_Sprite.uasset" 872
"../../../GGJ_2/Content/Sprites/Main_Character/Source/MC_Stretch/00112.uasset" 873
"../../../GGJ_2/Content/Sprites/Main_Character/Source/MC_Stretch/00112_Sprite.uasset" 874
"../../../GGJ_2/Content/Sprites/Main_Character/Source/MC_Stretch/00113.uasset" 875
"../../../GGJ_2/Content/Sprites/Main_Character/Source/MC_Stretch/00113_Sprite.uasset" 876
"../../../GGJ_2/Content/Sprites/Main_Character/FlipBooks/MC_Stretch.uasset" 877
"../../../GGJ_2/Content/Sprites/Monster_2/Source/M2_Spin/00084.uasset" 878
"../../../GGJ_2/Content/Sprites/Monster_2/Source/M2_Crazy/00063.uasset" 879
"../../../GGJ_2/Content/Sprites/Main_Character/Source/MC_Crazy/00068.uasset" 880
"../../../GGJ_2/Content/Sprites/Main_Character/Source/MC_Crazy/00068_Sprite.uasset" 881
"../../../GGJ_2/Content/Monster_2/M2_Spin/00091.uasset" 882
"../../../Engine/Content/MobileResources/HUD/T_Castle_ThumbstickInner.uasset" 883
"../../../Engine/Content/MobileResources/HUD/MobileHUDButtonFire.uasset" 884
"../../../Engine/Content/MobileResources/T_MobileControls_texture.uasset" 885
"../../../GGJ_2/Content/Sprites/Monster_2/Source/M2_Spin/00085.uasset" 886
"../../../GGJ_2/Content/Sprites/Monster_2/Source/M2_Down/00050.uasset" 887
"../../../GGJ_2/Content/Sprites/Main_Character/Source/MC_Spin/00068_Sprite.uasset" 888
"../../../GGJ_2/Content/Monster_2/M2_Spin/00096.uasset" 889
"../../../GGJ_2/Content/Sprites/Monster_2/Source/M2_Snarl/00100.uasset" 890
"../../../GGJ_2/Content/Sprites/Monster_2/Source/M2_Crazy/00069.uasset" 891
"../../../GGJ_2/Content/Monster_2/M2_Spin/00095.uasset" 892
"../../../Engine/Content/MobileResources/HUD/MobileHUDButton3.uasset" 893
"../../../Engine/Content/MobileResources/T_MobileMenu2.uasset" 894
"../../../GGJ_2/Content/Sprites/Monster_2/Source/M2_Snarl/00106.uasset" 895
"../../../GGJ_2/Content/Sprites/Monster_2/Source/M2_Crazy/00075.uasset" 896
"../../../GGJ_2/Content/Monster_2/M2_Spin/00085.uasset" 897
"../../../GGJ_2/Content/Sprites/Monster_2/Source/M2_Spin/00091.uasset" 898
"../../../GGJ_2/Content/Sprites/Monster_2/Source/M2_Idle/00009.uasset" 899
"../../../GGJ_2/Content/Monster_2/M2_Spin/00087.uasset" 900
"../../../Engine/Content/MobileResources/HUD/MobileHUDButton1_off.uasset" 901
"../../../GGJ_2/Content/Sprites/Monster_2/Source/M2_Up/00056.uasset" 902
"../../../GGJ_2/Content/Sprites/Monster_2/Source/M2_Crazy/00076.uasset" 903
"../../../GGJ_2/Content/Sprites/Main_Character/Source/MC_Spin/00076_Sprite.uasset" 904
"../../../GGJ_2/Content/Sprites/Main_Character/Source/MC_Spin/00076.uasset" 905
"../../../GGJ_2/Content/Sprites/Monster_2/Source/M2_Right/00037.uasset" 906
"../../../GGJ_2/Content/Sprites/Main_Character/Source/E_Eyedance/00131.uasset" 907
"../../../GGJ_2/Content/Sprites/Main_Character/Source/E_Eyedance/00131_Sprite.uasset" 908
"../../../Engine/Content/MobileResources/HUD/T_Castle_ThumbstickOutter.uasset" 909
"../../../Engine/Content/MobileResources/HUD/LeftVirtualJoystickOnly.uasset" 910
"../../../GGJ_2/Content/Sprites/Monster_2/Source/M2_Up/00060.uasset" 911
"../../../GGJ_2/Content/Sprites/Monster_2/Source/M2_Idle/00011.uasset" 912
"../../../GGJ_2/Content/Sprites/Main_Character/Source/MC_Spin/00075_Sprite.uasset" 913
"../../../GGJ_2/Content/Sprites/Main_Character/Source/MC_Spin/00073_Sprite.uasset" 914
"../../../GGJ_2/Content/Sprites/Main_Character/Source/MC_Spin/00072_Sprite.uasset" 915
"../../../GGJ_2/Content/Monster_2/M2_Spin/00092.uasset" 916
"../../../GGJ_2/Content/Sprites/Monster_2/Source/M2_Snarl/00105.uasset" 917
"../../../GGJ_2/Content/Sprites/Monster_2/Source/M2_Spin/00082.uasset" 918
"../../../GGJ_2/Content/Sprites/Monster_2/Source/M2_Down/00049.uasset" 919
"../../../GGJ_2/Content/Sprites/Monster_2/Source/M2_Left/00020.uasset" 920
"../../../GGJ_2/Content/Monster_2/M2_Snarl/00106.uasset" 921
"../../../GGJ_2/Content/Sprites/Monster_2/Source/M2_Right/00035.uasset" 922
"../../../GGJ_2/Content/Sprites/Monster_2/Source/M2_Snarl/00108.uasset" 923
"../../../GGJ_2/Content/Sprites/Monster_2/Source/M2_Crazy/00066.uasset" 924
"../../../GGJ_2/Content/Sprites/Monster_2/Source/M2_Idle/00004.uasset" 925
"../../../GGJ_2/Content/Monster_2/M2_Snarl/00102.uasset" 926
"../../../GGJ_2/Content/Sprites/Monster_2/Source/M2_Snarl/00109.uasset" 927
"../../../GGJ_2/Content/Sprites/Monster_2/Source/M2_Up/00052.uasset" 928
"../../../GGJ_2/Content/Sprites/Monster_2/Source/M2_Crazy/00080.uasset" 929
"../../../GGJ_2/Content/Sprites/Monster_2/Source/M2_Left/00023.uasset" 930
"../../../GGJ_2/Content/Sprites/Monster_2/Source/M2_Idle/00012.uasset" 931
"../../../GGJ_2/Content/Sprites/Monster_2/Source/M2_Spin/00083.uasset" 932
"../../../GGJ_2/Content/Monster_2/M2_Spin/00090.uasset" 933
"../../../GGJ_2/Content/Sprites/Monster_2/Source/M2_Left/00024.uasset" 934
"../../../GGJ_2/Content/Monster_2/M2_Snarl/00104.uasset" 935
"../../../GGJ_2/Content/Sprites/Monster_2/Source/M2_Idle/00005.uasset" 936
"../../../GGJ_2/Content/Sprites/Monster_2/Source/M2_Idle/00007.uasset" 937
"../../../GGJ_2/Content/Sprites/Monster_2/Source/M2_Up/00054.uasset" 938
"../../../GGJ_2/Content/Sprites/Monster_2/Source/M2_Crazy/00070.uasset" 939
"../../../GGJ_2/Content/Sprites/Monster_2/Source/M2_Snarl/00103.uasset" 940
"../../../GGJ_2/Content/Sprites/Monster_2/Source/M2_Spin/00086.uasset" 941
"../../../GGJ_2/Content/Sprites/Monster_2/Source/M2_Spin/00095.uasset" 942
"../../../GGJ_2/Content/Sprites/Monster_1/Source/Up/00025_2.uasset" 943
"../../../GGJ_2/Content/Monster_2/M2_Spin/00089.uasset" 944
"../../../GGJ_2/Content/Sprites/Monster_2/Source/M2_Left/00019.uasset" 945
"../../../GGJ_2/Content/Sprites/Monster_2/Source/M2_Idle/00003.uasset" 946
"../../../GGJ_2/Content/Sprites/Monster_2/Source/M2_Spin/00089.uasset" 947
"../../../GGJ_2/Content/Sprites/Monster_2/Source/M2_Up/00057.uasset" 948
"../../../GGJ_2/Content/Sprites/Monster_2/Source/M2_Right/00036.uasset" 949
"../../../GGJ_2/Content/Sprites/Monster_2/Source/M2_Crazy/00073.uasset" 950
"../../../GGJ_2/Content/Sprites/Monster_2/Source/M2_Right/00026.uasset" 951
"../../../GGJ_2/Content/Sprites/Monster_2/Source/M2_Snarl/00097.uasset" 952
"../../../GGJ_2/Content/Monster_2/M2_Snarl/00099.uasset" 953
"../../../GGJ_2/Content/Sprites/Monster_2/Source/M2_Idle/00008.uasset" 954
"../../../GGJ_2/Content/Monster_2/M2_Spin/00083.uasset" 955
"../../../GGJ_2/Content/Sprites/Monster_2/Source/M2_Spin/00094.uasset" 956
"../../../GGJ_2/Content/Sprites/Monster_2/Source/M2_Left/00016.uasset" 957
"../../../GGJ_2/Content/Monster_2/M2_Snarl/00109.uasset" 958
"../../../GGJ_2/Content/Sprites/Monster_2/Source/M2_Snarl/00098.uasset" 959
"../../../GGJ_2/Content/Sprites/Monster_2/Source/M2_Crazy/00065.uasset" 960
"../../../GGJ_2/Content/Buttons/Button_RT.uasset" 961
"../../../GGJ_2/Content/Monster_2/M2_Spin/00082.uasset" 962
"../../../GGJ_2/Content/Sprites/Monster_2/Source/M2_Left/00014.uasset" 963
"../../../Engine/Content/MobileResources/HUD/MobileHUDDirectionPad2.uasset" 964
"../../../GGJ_2/Content/Sprites/Monster_2/Source/M2_Right/00040.uasset" 965
"../../../GGJ_2/Content/Monster_2/M2_Spin/00086.uasset" 966
"../../../GGJ_2/Content/Sprites/Monster_2/Source/M2_Right/00038.uasset" 967
"../../../GGJ_2/Content/Sprites/Monster_2/Source/M2_Left/00013.uasset" 968
"../../../GGJ_2/Content/Sprites/Monster_2/Source/M2_Right/00031.uasset" 969
"../../../GGJ_2/Content/Monster_2/M2_Spin/00088.uasset" 970
"../../../GGJ_2/Content/Sprites/Monster_2/Source/M2_Crazy/00077.uasset" 971
"../../../GGJ_2/Content/Monster_2/M2_Snarl/00098.uasset" 972
"../../../GGJ_2/Content/Sprites/Monster_2/Source/M2_Up/00051.uasset" 973
"../../../GGJ_2/Content/Sprites/Monster_2/Source/M2_Left/00022.uasset" 974
"../../../GGJ_2/Content/Sprites/Monster_2/Source/M2_Idle/00006.uasset" 975
"../../../GGJ_2/Content/Sprites/Monster_2/Source/M2_Idle/00001.uasset" 976
"../../../GGJ_2/Content/Sprites/Monster_2/Source/M2_Idle/00002.uasset" 977
"../../../GGJ_2/Content/Sprites/Monster_2/Source/M2_Left/00018.uasset" 978
"../../../GGJ_2/Content/Sprites/Monster_2/Source/M2_Spin/00088.uasset" 979
"../../../GGJ_2/Content/Sprites/Monster_2/Source/M2_Right/00030.uasset" 980
"../../../GGJ_2/Content/Sprites/Monster_2/Source/M2_Crazy/00067.uasset" 981
"../../../GGJ_2/Content/Sprites/Monster_2/Source/M2_Left/00017.uasset" 982
"../../../GGJ_2/Content/Sprites/Monster_2/Source/M2_Idle/00010.uasset" 983
"../../../GGJ_2/Content/Sprites/Monster_2/Source/M2_Snarl/00102.uasset" 984
"../../../GGJ_2/Content/Sprites/Monster_2/Source/M2_Down/00048.uasset" 985
"../../../GGJ_2/Content/Sprites/Monster_2/Source/M2_Right/00039.uasset" 986
"../../../GGJ_2/Content/Sprites/Monster_2/Source/M2_Down/00047.uasset" 987
"../../../GGJ_2/Content/Monster_2/M2_Snarl/00108.uasset" 988
"../../../GGJ_2/Content/Sprites/Monster_2/Source/M2_Crazy/00071.uasset" 989
"../../../GGJ_2/Content/Monster_2/M2_Snarl/00097.uasset" 990
"../../../GGJ_2/Content/Sprites/Monster_2/Source/M2_Snarl/00099.uasset" 991
"../../../GGJ_2/Content/Sprites/Monster_2/Source/M2_Right/00032.uasset" 992
"../../../GGJ_2/Content/Sprites/Monster_2/Source/M2_Right/00027.uasset" 993
"../../../GGJ_2/Content/Sprites/Monster_2/Source/M2_Down/00046.uasset" 994
"../../../Engine/Content/EditorMaterials/PhAT_JointLimitMaterial.uasset" 995
"../../../Engine/Content/EditorMaterials/PreviewShadowIndicator.uasset" 996
"../../../Engine/Content/EditorMaterials/PreviewShadowIndicatorMaterial.uasset" 997
"../../../Engine/Content/EditorMeshes/ColorCalibrator/M_ChromeBall.uasset" 998
"../../../Engine/Content/EditorMeshes/ColorCalibrator/M_ClearCoat.uasset" 999
"../../../Engine/Content/EditorMeshes/ColorCalibrator/M_ClearCoatBlack.uasset" 1000
"../../../Engine/Content/EditorMeshes/ColorCalibrator/T_ColorGrid.uasset" 1001
"../../../Engine/Content/EditorMeshes/ColorCalibrator/M_ColorGrid.uasset" 1002
"../../../Engine/Content/EditorMeshes/ColorCalibrator/M_GreyBall.uasset" 1003
"../../../Engine/Content/EditorMeshes/ColorCalibrator/SM_ColorCalibrator.uasset" 1004
"../../../Engine/Content/EditorResources/BSPVertex.uasset" 1005
"../../../Engine/Content/EngineDebugMaterials/HeatmapGradient.uasset" 1006
"../../../Engine/Content/EngineDebugMaterials/BoneWeightMaterial.uasset" 1007
"../../../Engine/Content/EngineDebugMaterials/GeomMaterial.uasset" 1008
"../../../Engine/Content/EngineMaterials/EditorBrushMaterial.uasset" 1009
"../../../Engine/Content/Tutorial/BlueprintTutorials/TutorialAssets/Blueprint_64x.uasset" 1010
"../../../Engine/Content/Tutorial/BlueprintTutorials/BlueprintEditorTutorial.uasset" 1011
"../../../Engine/Content/Tutorial/BlueprintTutorials/TutorialAssets/BlueprintInterface_64x.uasset" 1012
"../../../Engine/Content/Tutorial/BlueprintTutorials/TutorialAssets/Tutorial_BP_Interface.uasset" 1013
"../../../Engine/Content/Tutorial/BlueprintTutorials/BlueprintInterfacesEditorOverview.uasset" 1014
"../../../Engine/Content/Tutorial/BlueprintTutorials/TutorialAssets/BlueprintMacroLibrary_64x.uasset" 1015
"../../../Engine/Content/Tutorial/BlueprintTutorials/TutorialAssets/Tutorial_BP_MacroLib.uasset" 1016
"../../../Engine/Content/Tutorial/BlueprintTutorials/BlueprintMacroLibrariesEditorOverview.uasset" 1017
"../../../Engine/Content/Tutorial/BlueprintTutorials/LevelBlueprintEditorOverview.uasset" 1018
"../../../Engine/Content/Tutorial/Foliage/TutorialAssets/Foliage.uasset" 1019
"../../../Engine/Content/Tutorial/Foliage/Foliage_Settings_Tutorial.uasset" 1020
"../../../Engine/Content/Tutorial/Foliage/Foliage_Using_The_Tool_Tutorial.uasset" 1021
"../../../Engine/Content/Tutorial/Foliage/Foliage_Intro_Tutorial.uasset" 1022
"../../../Engine/Content/Tutorial/Landscape/TutorialAssets/Landscape.uasset" 1023
"../../../Engine/Content/Tutorial/Landscape/Landscape_Painting_Mode.uasset" 1024
"../../../Engine/Content/Tutorial/Landscape/Landscape_Sculpt_Mode.uasset" 1025
"../../../Engine/Content/Tutorial/Landscape/Landscape_Manage_Mode.uasset" 1026
"../../../Engine/Content/Tutorial/Paper2D/TutorialAssets/Paper2DFlipbook_TutorialIcon.uasset" 1027
"../../../Engine/Content/Tutorial/Paper2D/FlipbookEditorTutorial.uasset" 1028
"../../../Engine/Content/Tutorial/Paper2D/TutorialAssets/Paper2DSprite_TutorialIcon.uasset" 1029
"../../../Engine/Content/Tutorial/Paper2D/SpriteEditorTutorial.uasset" 1030
"../../../Engine/Content/EditorMeshes/EditorCube.uasset" 1031
"../../../Engine/Content/Tutorial/SubEditors/TutorialAssets/Tutorial_DM.uasset" 1032
"../../../Engine/Content/Tutorial/SubEditors/DestructibleMeshEditorTutorial.uasset" 1033
"../../../Engine/Content/Tutorial/SubEditors/TutorialAssets/TutorialMaterial.uasset" 1034
"../../../Engine/Content/Tutorial/SubEditors/MaterialEditorTutorial.uasset" 1035
"../../../Engine/Content/Tutorial/SubEditors/TutorialAssets/T_SmokeSubUV_8X8.uasset" 1036
"../../../Engine/Content/Tutorial/SubEditors/TutorialAssets/T_soft_smoke.uasset" 1037
"../../../Engine/Content/Tutorial/SubEditors/TutorialAssets/M_smoke_subUV_blackbody.uasset" 1038
"../../../Engine/Content/Tutorial/SubEditors/TutorialAssets/TutorialParticleSystem.uasset" 1039
"../../../Engine/Content/Tutorial/SubEditors/ParticleSystemEditorTutorial.uasset" 1040
"../../../Engine/Content/Tutorial/SubEditors/TutorialAssets/icon_ShowSkeletalMeshes_40x.uasset" 1041
"../../../Engine/Content/Tutorial/SubEditors/TutorialAssets/Character/TutorialTPP_Mat.uasset" 1042
"../../../Engine/Content/Tutorial/SubEditors/TutorialAssets/Character/TutorialTPP_PhysicsAsset.uasset" 1043
"../../../Engine/Content/Tutorial/SubEditors/TutorialAssets/Character/TutorialTPP.uasset" 1044
"../../../Engine/Content/Tutorial/SubEditors/TutorialAssets/Character/TutorialTPP_Skeleton.uasset" 1045
"../../../Engine/Content/Tutorial/SubEditors/TutorialAssets/Character/Tutorial_Idle.uasset" 1046
"../../../Engine/Content/Tutorial/SubEditors/TutorialAssets/Character/Tutorial_Walk_Fwd.uasset" 1047
"../../../Engine/Content/Tutorial/SubEditors/TutorialAssets/Character/NewBlendSpace1D.uasset" 1048
"../../../Engine/Content/Tutorial/SubEditors/TutorialAssets/Character/TutorialCharacter.uasset" 1049
"../../../Engine/Content/Tutorial/SubEditors/TutorialAssets/Character/TutorialTPP_AnimBlueprint.uasset" 1050
"../../../Engine/Content/Tutorial/SubEditors/PersonaAnimBlueprintEditorWalkthrough.uasset" 1051
"../../../Engine/Content/Tutorial/SubEditors/PersonaAnimEditorWalkthrough.uasset" 1052
"../../../Engine/Content/EngineMeshes/Cube.uasset" 1053
"../../../Engine/Content/Tutorial/SubEditors/StaticMeshEditorTutorial.uasset" 1054
"../../../Engine/Content/Tutorial/SubEditors/TutorialAssets/icon_Editor_Preferences_General_40x.uasset" 1055
