[2016.02.15-19.29.54:174][  0]Log file open, 02/15/16 19:29:54
[2016.02.15-19.29.54:174][  0]LogInit:Display: Running engine for game: GGJ_2
[2016.02.15-19.29.54:174][  0]LogPlatformFile: Not using cached read wrapper
[2016.02.15-19.29.54:174][  0]LogInit:Display: RandInit(-1903265735) SRandInit(-1903265734).
[2016.02.15-19.29.54:174][  0]LogTaskGraph: Started task graph with 4 named threads and 7 total threads.
[2016.02.15-19.29.54:174][  0]LogStats: Stats thread started at 0.095834
[2016.02.15-19.29.54:174][  0]LogInit: Version: 4.10.2-2818068+++depot+UE4-Releases+4.10
[2016.02.15-19.29.54:174][  0]LogInit: API Version: 2758231
[2016.02.15-19.29.54:174][  0]LogInit: Compiled (64-bit): Jan  6 2016 17:36:42
[2016.02.15-19.29.54:174][  0]LogInit: Compiled with Visual C++: 19.00.23026.00
[2016.02.15-19.29.54:174][  0]LogInit: Build Configuration: Development
[2016.02.15-19.29.54:174][  0]LogInit: Branch Name: ++depot+UE4-Releases+4.10
[2016.02.15-19.29.54:174][  0]LogInit: Command line:  
[2016.02.15-19.29.54:174][  0]LogInit: Base directory: E:/Program Files (x86)/Epic Games/4.10/Engine/Binaries/Win64/
[2016.02.15-19.29.54:174][  0]LogInit: Rocket: 1
[2016.02.15-19.29.54:183][  0]LogInit: Using libcurl 7.41.0
[2016.02.15-19.29.54:183][  0]LogInit:  - built for x86_64-pc-win32
[2016.02.15-19.29.54:183][  0]LogInit:  - supports SSL with WinSSL
[2016.02.15-19.29.54:183][  0]LogInit:  - other features:
[2016.02.15-19.29.54:183][  0]LogInit:      CURL_VERSION_SSL
[2016.02.15-19.29.54:183][  0]LogInit:      CURL_VERSION_IPV6
[2016.02.15-19.29.54:183][  0]LogInit:      CURL_VERSION_ASYNCHDNS
[2016.02.15-19.29.54:183][  0]LogInit:      CURL_VERSION_LARGEFILE
[2016.02.15-19.29.54:183][  0]LogInit:      CURL_VERSION_IDN
[2016.02.15-19.29.54:183][  0]LogInit:  CurlRequestOptions (configurable via config and command line):
[2016.02.15-19.29.54:183][  0]LogInit:  - bVerifyPeer = true  - Libcurl will verify peer certificate
[2016.02.15-19.29.54:183][  0]LogInit:  - bUseHttpProxy = false  - Libcurl will NOT use HTTP proxy
[2016.02.15-19.29.54:183][  0]LogInit:  - bDontReuseConnections = false  - Libcurl will reuse connections
[2016.02.15-19.29.54:183][  0]LogInit:  - CertBundlePath = nullptr  - Libcurl will use whatever was configured at build time.
[2016.02.15-19.29.54:192][  0]LogInit: Presizing for 0 objects not considered by GC, pre-allocating 0 bytes.
[2016.02.15-19.29.54:200][  0]LogInit: Object subsystem initialized
[2016.02.15-19.29.54:201][  0]LogInit: Selected Device Profile: [Windows]
[2016.02.15-19.29.54:201][  0]LogInit: Applying CVar settings loaded from the selected device profile: [Windows]
[2016.02.15-19.29.54:209][  0]LogInit: Computer: MAIN_COMPUTER
[2016.02.15-19.29.54:209][  0]LogInit: User: SPalmer
[2016.02.15-19.29.54:209][  0]LogInit: CPU Page size=4096, Cores=4
[2016.02.15-19.29.54:209][  0]LogInit: High frequency timer resolution =3.122782 MHz
[2016.02.15-19.29.54:210][  0]LogMemory: Memory total: Physical=24.0GB (24GB approx)
[2016.02.15-19.29.54:210][  0]LogMemory: Platform Memory Stats for Windows
[2016.02.15-19.29.54:210][  0]LogMemory: Process Physical Memory: 55.95 MB used, 55.95 MB peak
[2016.02.15-19.29.54:210][  0]LogMemory: Process Virtual Memory: 58.70 MB used, 58.70 MB peak
[2016.02.15-19.29.54:210][  0]LogMemory: Physical Memory: 6959.39 MB used, 24574.43 MB total
[2016.02.15-19.29.54:210][  0]LogMemory: Virtual Memory: 380.62 MB used, 134217728.00 MB total
[2016.02.15-19.29.54:249][  0]LogTextLocalizationManager: No specific translations for ('en-GB') exist, so ('en') translations will be used.
[2016.02.15-19.29.54:836][  0]LogD3D11RHI: Found D3D11 adapter 0: NVIDIA GeForce GTX 580 (Feature Level 11_0)
[2016.02.15-19.29.54:836][  0]LogD3D11RHI: Adapter has 2971MB of dedicated video memory, 0MB of dedicated system memory, and 12287MB of shared system memory, 2 output[s]
[2016.02.15-19.29.54:838][  0]LogD3D11RHI: Found D3D11 adapter 1: Microsoft Basic Render Driver (Feature Level 11_0)
[2016.02.15-19.29.54:838][  0]LogD3D11RHI: Adapter has 0MB of dedicated video memory, 0MB of dedicated system memory, and 12287MB of shared system memory, 0 output[s]
[2016.02.15-19.29.54:838][  0]LogD3D11RHI: Chosen D3D11 Adapter Id = 0
[2016.02.15-19.29.54:844][  0]LogD3D11RHI: !Direct3DDevice
[2016.02.15-19.29.54:844][  0]LogRHI: Texture pool is 1361 MB (70% of 1945 MB)
[2016.02.15-19.29.54:857][  0]LogD3D11RHI: Async texture creation enabled
[2016.02.15-19.29.54:874][  0]LogShaderCompilers: Guid format shader working directory is -24 characters bigger than the processId version (../../../../../../Documents/Unreal Projects/AGL_Space_Mates_Source/GGJ_2/Intermediate/Shaders/WorkingDirectory/17716/).
[2016.02.15-19.29.54:874][  0]LogShaderCompilers: Cleaned the shader compiler working directory 'C:/Users/SPALME~1/AppData/Local/Temp/UnrealShaderWorkingDir/549D1FF04F9CF678FF91B08762EE3789/'.
[2016.02.15-19.29.54:874][  0]LogShaderCompilers:Display: Using Local Shader Compiler.
[2016.02.15-19.29.55:874][  0]LogTemp:Display: Loaded TP AllDesktopTargetPlatform
[2016.02.15-19.29.55:880][  0]LogTemp:Display: Loaded TP WindowsClientTargetPlatform
[2016.02.15-19.29.55:887][  0]LogTemp:Display: Loaded TP WindowsNoEditorTargetPlatform
[2016.02.15-19.29.55:894][  0]LogTemp:Display: Loaded TP WindowsServerTargetPlatform
[2016.02.15-19.29.55:901][  0]LogTemp:Display: Loaded TP WindowsTargetPlatform
[2016.02.15-19.29.55:904][  0]LogTemp:Display: Loaded TP AndroidTargetPlatform
[2016.02.15-19.29.55:907][  0]LogTemp:Display: Loaded TP Android_ASTCTargetPlatform
[2016.02.15-19.29.55:911][  0]LogTemp:Display: Loaded TP Android_ATCTargetPlatform
[2016.02.15-19.29.55:915][  0]LogTemp:Display: Loaded TP Android_DXTTargetPlatform
[2016.02.15-19.29.55:919][  0]LogTemp:Display: Loaded TP Android_ETC1TargetPlatform
[2016.02.15-19.29.55:922][  0]LogTemp:Display: Loaded TP Android_ETC2TargetPlatform
[2016.02.15-19.29.55:932][  0]LogTemp:Display: Loaded TP Android_MultiTargetPlatform
[2016.02.15-19.29.55:932][  0]LogTemp:Display: Loaded TP Android_PVRTCTargetPlatform
[2016.02.15-19.29.55:933][  0]LogTemp:Display: Loaded TP HTML5TargetPlatform
[2016.02.15-19.29.55:955][  0]LogTemp:Display: Loaded TP IOSTargetPlatform
[2016.02.15-19.29.55:958][  0]LogTemp:Display: Loaded TP LinuxNoEditorTargetPlatform
[2016.02.15-19.29.55:961][  0]LogTemp:Display: Loaded TP LinuxServerTargetPlatform
[2016.02.15-19.29.55:966][  0]LogTemp:Display: Loaded TP LinuxTargetPlatform
[2016.02.15-19.29.55:966][  0]LogTargetPlatformManager:Display: Building Assets For Windows
[2016.02.15-19.29.56:099][  0]LogDerivedDataCache:Display: Max Cache Size: 512 MB
[2016.02.15-19.29.56:152][  0]LogDerivedDataCache: Loaded boot cache 0.05s 41MB C:/Users/S Palmer/AppData/Local/UnrealEngine/4.10/DerivedDataCache/Boot.ddc.
[2016.02.15-19.29.56:152][  0]LogDerivedDataCache:Display: Loaded Boot cache: C:/Users/S Palmer/AppData/Local/UnrealEngine/4.10/DerivedDataCache/Boot.ddc
[2016.02.15-19.29.56:152][  0]LogDerivedDataCache: FDerivedDataBackendGraph:  Pak pak cache file ../../../../../../Documents/Unreal Projects/AGL_Space_Mates_Source/GGJ_2/DerivedDataCache/DDC.ddp not found, will not use a pak cache.
[2016.02.15-19.29.56:152][  0]LogDerivedDataCache: Unable to find inner node Pak for hierarchical cache Hierarchy.
[2016.02.15-19.29.56:152][  0]LogDerivedDataCache: FDerivedDataBackendGraph:  CompressedPak pak cache file ../../../../../../Documents/Unreal Projects/AGL_Space_Mates_Source/GGJ_2/DerivedDataCache/Compressed.ddp not found, will not use a pak cache.
[2016.02.15-19.29.56:152][  0]LogDerivedDataCache: Unable to find inner node CompressedPak for hierarchical cache Hierarchy.
[2016.02.15-19.29.56:223][  0]LogDerivedDataCache:Display: Pak cache opened for reading ../../../Engine/DerivedDataCache/Compressed.ddp.
[2016.02.15-19.29.56:235][  0]LogDerivedDataCache: Using Local data cache path C:/Users/S Palmer/AppData/Local/UnrealEngine/Common/DerivedDataCache: Writable
[2016.02.15-19.29.56:520][  0]LogInit: Selected Device Profile: [Windows]
[2016.02.15-19.29.56:523][  0]LogContentStreaming: Texture pool size is 0.000000MB
[2016.02.15-19.29.56:663][  0]LogMeshUtilities: No automatic mesh reduction module available
[2016.02.15-19.29.56:663][  0]LogMeshUtilities: No automatic mesh merging module available
[2016.02.15-19.29.56:936][  0]LogInit: WinSock: version 1.1 (2.2), MaxSocks=32767, MaxUdp=65467
[2016.02.15-19.29.58:147][  0]LogAssetRegistry: FAssetRegistry took 0.0112 seconds to start up
[2016.02.15-19.29.58:173][  0]UdpMessaging: Initializing bridge on interface 0.0.0.0:0 to multicast group 230.0.0.1:6666.
[2016.02.15-19.29.58:531][  0]SourceControl: Info Source control is disabled
[2016.02.15-19.29.58:533][  0]SourceControl: Info Source control is disabled
[2016.02.15-19.29.58:551][  0]SourceControl: Info Source control is disabled
[2016.02.15-19.29.58:577][  0]SourceControl: Info Source control is disabled
[2016.02.15-19.29.59:003][  0]LogObj: 28802 objects as part of root set at end of initial load.
[2016.02.15-19.29.59:003][  0]LogUObjectAllocator: 6129768 out of 0 bytes used by permanent object pool.
[2016.02.15-19.29.59:071][  0]LogEngine: Initializing Engine...
[2016.02.15-19.29.59:073][  0]LogHMD: Can't find Oculus library dev build: is proper Runtime installed? Version: 0.8.0.0
[2016.02.15-19.29.59:074][  0]LogHMD: SteamVR failed to initialize.  Err: 110
[2016.02.15-19.29.59:225][  0]LogAIModule: Creating AISystem for world NewWorld
[2016.02.15-19.29.59:269][  0]LogInit: XAudio2 using 'Speakers (Creative SB X-Fi)' : 2 channels at 48 kHz using 16 bits per sample (channel mask 0x3)
[2016.02.15-19.29.59:279][  0]LogInit: FAudioDevice initialized.
[2016.02.15-19.29.59:304][  0]LogDerivedDataCache: Saved boot cache 0.03s 41MB C:/Users/S Palmer/AppData/Local/UnrealEngine/4.10/DerivedDataCache/Boot.ddc.
[2016.02.15-19.29.59:313][  0]LogInit: Texture streaming: Enabled
[2016.02.15-19.29.59:324][  0]LogAnalytics: Creating configured Analytics provider AnalyticsET
[2016.02.15-19.29.59:324][  0]LogAnalytics: [UEEditor.Rocket.Release] APIServer = http://et2.epicgames.com/ET2/. AppVersion = 4.10.2-2818068+++depot+UE4-Releases+4.10
[2016.02.15-19.29.59:324][  0]LogAnalytics: [UEEditor.Rocket.Release] SetUserId 24aadda34cc10899cd315f9ae41e0097|5826062dad544805a0c08ad9061b9038|1b609bbb-1222-4d54-a573-bc1e9269b7a3
[2016.02.15-19.29.59:324][  0]LogAnalytics: [UEEditor.Rocket.Release] AnalyticsET::StartSession
[2016.02.15-19.29.59:335][  0]LogInit: Transaction tracking system initialized
[2016.02.15-19.29.59:373][  0]BlueprintLog: New page: Editor Load
[2016.02.15-19.29.59:493][  0]LocalizationService: Info Localization service is disabled
[2016.02.15-19.29.59:609][  0]LogConsoleResponse:Display: 
[2016.02.15-19.29.59:747][  0]LogCook:Display: Done creating registry. It took  0.00s.
[2016.02.15-19.29.59:836][  0]LogFileCache: Scanning file cache for directory 'E:/Documents/Unreal Projects/AGL_Space_Mates_Source/GGJ_2/Content/' took 0.05s
[2016.02.15-19.29.59:836][  0]SourceControl: Info Source control is disabled
[2016.02.15-19.29.59:836][  0]Cmd: MAP LOAD FILE="../../../Engine/Content/Maps/Templates/Template_Default.umap" TEMPLATE=1 SHOWPROGRESS=1 FEATURELEVEL=3
[2016.02.15-19.29.59:837][  0]LightingResults: New page: Lighting Build
[2016.02.15-19.29.59:841][  0]MapCheck: New page: Map Check
[2016.02.15-19.29.59:841][  0]LightingResults: New page: Lighting Build
[2016.02.15-19.29.59:854][  0]LogParticles: Destroying 0 GPU particle simulations for FXSystem 0x000000D56EA6DE40
[2016.02.15-19.30.00:183][  0]LogAIModule: Creating AISystem for world Untitled_1
[2016.02.15-19.30.00:188][  0]LogEditorServer: Finished looking for orphan Actors (0.000 secs)
[2016.02.15-19.30.00:193][  0]Cmd: MAP CHECKDEP NOCLEARLOG
[2016.02.15-19.30.00:285][  0]MapCheck: Info Map check complete: 0 Error(s), 0 Warning(s), took 91.696ms to complete.
[2016.02.15-19.30.00:285][  0]LogFileHelpers: Loading map 'Template_Default' took 0.449
[2016.02.15-19.30.00:417][  0]LogCollectionManager: Loaded 0 collections in 0.004619 seconds
[2016.02.15-19.30.00:461][  0]LogFileCache: Scanning file cache for directory 'E:/Documents/Unreal Projects/AGL_Space_Mates_Source/GGJ_2/Saved/Collections/' took 0.01s
[2016.02.15-19.30.00:461][  0]LogFileCache: Scanning file cache for directory 'E:/Documents/Unreal Projects/AGL_Space_Mates_Source/GGJ_2/Content/Developers/SPalmer/Collections/' took 0.01s
[2016.02.15-19.30.00:461][  0]LogFileCache: Scanning file cache for directory 'E:/Documents/Unreal Projects/AGL_Space_Mates_Source/GGJ_2/Content/Collections/' took 0.01s
[2016.02.15-19.30.00:461][  0]LogCollectionManager: Rebuilt the GUID cache for 0 collections in 0.000002 seconds
[2016.02.15-19.30.00:478][  0]LogContentBrowser: Native class hierarchy populated in 0.0168 seconds. Added 1908 classes and 344 folders.
[2016.02.15-19.30.00:488][  0]LogContentBrowser: Native class hierarchy updated for 'WidgetCarousel' in 0.0004 seconds. Added 0 classes and 0 folders.
[2016.02.15-19.30.00:560][  0]LogContentBrowser: Native class hierarchy updated for 'AddContentDialog' in 0.0004 seconds. Added 0 classes and 0 folders.
[2016.02.15-19.30.00:565][  0]LogContentBrowser: Native class hierarchy updated for 'SceneOutliner' in 0.0004 seconds. Added 1 classes and 2 folders.
[2016.02.15-19.30.00:589][  0]LogCrashTracker: Crashtracker disabled due to settings.
[2016.02.15-19.30.00:635][  0]LogLoad: Full Startup: 6.98 seconds (BP compile: 0.05 seconds)
[2016.02.15-19.30.00:646][  0]LogOcInput: Can't find Oculus library dev build: is proper Runtime installed? Version: 0.8.0.0
[2016.02.15-19.30.00:692][  0]LogContentStreaming: Texture pool size now 400 MB
[2016.02.15-19.30.00:864][  0]LogRenderer: Reallocating scene render targets to support 1208x576 (Frame:2).
[2016.02.15-19.30.01:109][  5]LogAssetRegistry: Asset discovery search completed in 2.9738 seconds
[2016.02.15-19.30.01:109][  5]LogCollectionManager: Rebuilt the object cache for 0 collections in 0.000001 seconds (found 0 objects)
[2016.02.15-19.30.01:109][  5]LogCollectionManager: Fixed up redirectors for 0 collections in 0.000031 seconds (updated 0 objects)
[2016.02.15-19.30.06:771][570]LogBlueprint:Warning: [compiler Moves] Warning 'Item' is already a 'Mate', you don't need  Cast To Mate .
[2016.02.15-19.30.06:777][570]LogBlueprint:Warning: [compiler Moves] Warning [0013.12] Compile of Moves successful, but with 1 Warning(s) [in 11 ms]
[2016.02.15-19.30.06:777][570]LogBlueprint:Warning: [compiler Moves] Warning [0013.12] Compile of Moves successful, but with 2 Warning(s) [in 0 ms]
[2016.02.15-19.30.06:777][570]LogBlueprint:Warning: [compiler Moves] Warning [0013.12] Compile of Moves successful, but with 3 Warning(s) [in 0 ms]
[2016.02.15-19.30.06:787][570]LogBlueprint:Warning: [compiler Moves] Warning 'Item' is already a 'Mate', you don't need  Cast To Mate .
[2016.02.15-19.30.06:793][570]LogBlueprint:Warning: [compiler Moves] Warning [0013.14] Compile of Moves successful, but with 1 Warning(s) [in 11 ms]
[2016.02.15-19.30.06:793][570]LogBlueprint:Warning: [compiler Moves] Warning [0013.14] Compile of Moves successful, but with 2 Warning(s) [in 0 ms]
[2016.02.15-19.30.06:793][570]LogBlueprint:Warning: [compiler Moves] Warning [0013.14] Compile of Moves successful, but with 3 Warning(s) [in 0 ms]
[2016.02.15-19.30.07:039][570]LogBlueprint:Warning: [compiler PrimaryLevel] Warning 'Item' is already a 'Player Game Pad 2', you don't need  Cast To Player_GamePad2 .
[2016.02.15-19.30.07:040][570]LogBlueprint:Warning: [compiler PrimaryLevel] Warning 'Item' is already a 'Player Game Pad', you don't need  Cast To Player_GamePad .
[2016.02.15-19.30.07:045][570]LogBlueprint:Warning: [compiler PrimaryLevel] Warning 'Item' is already a 'Player Game Pad', you don't need  Cast To Player_GamePad .
[2016.02.15-19.30.07:045][570]LogBlueprint:Warning: [compiler PrimaryLevel] Warning 'Item' is already a 'Player Game Pad 2', you don't need  Cast To Player_GamePad2 .
[2016.02.15-19.30.07:061][570]LogBlueprint:Warning: [compiler PrimaryLevel] Warning [0013.41] Compile of PrimaryLevel successful, but with 4 Warning(s) [in 73 ms]
[2016.02.15-19.30.07:062][570]LogBlueprint:Warning: [compiler PrimaryLevel] Warning [0013.41] Compile of PrimaryLevel successful, but with 5 Warning(s) [in 0 ms]
[2016.02.15-19.30.07:062][570]LogBlueprint:Warning: [compiler PrimaryLevel] Warning [0013.41] Compile of PrimaryLevel successful, but with 6 Warning(s) [in 0 ms]
[2016.02.15-19.30.07:125][570]LogBlueprint:Warning: [compiler PrimaryLevel] Warning 'Item' is already a 'Player Game Pad 2', you don't need  Cast To Player_GamePad2 .
[2016.02.15-19.30.07:126][570]LogBlueprint:Warning: [compiler PrimaryLevel] Warning 'Item' is already a 'Player Game Pad', you don't need  Cast To Player_GamePad .
[2016.02.15-19.30.07:131][570]LogBlueprint:Warning: [compiler PrimaryLevel] Warning 'Item' is already a 'Player Game Pad', you don't need  Cast To Player_GamePad .
[2016.02.15-19.30.07:131][570]LogBlueprint:Warning: [compiler PrimaryLevel] Warning 'Item' is already a 'Player Game Pad 2', you don't need  Cast To Player_GamePad2 .
[2016.02.15-19.30.07:148][570]LogBlueprint:Warning: [compiler PrimaryLevel] Warning [0013.49] Compile of PrimaryLevel successful, but with 4 Warning(s) [in 72 ms]
[2016.02.15-19.30.07:148][570]LogBlueprint:Warning: [compiler PrimaryLevel] Warning [0013.49] Compile of PrimaryLevel successful, but with 5 Warning(s) [in 0 ms]
[2016.02.15-19.30.07:148][570]LogBlueprint:Warning: [compiler PrimaryLevel] Warning [0013.49] Compile of PrimaryLevel successful, but with 6 Warning(s) [in 0 ms]
[2016.02.15-19.30.07:469][570]LogAIModule: Creating AISystem for world PrimaryLevel
[2016.02.15-19.30.07:526][570]Cmd: MAP LOAD FILE="../../../../../../Documents/Unreal Projects/AGL_Space_Mates_Source/GGJ_2/Content/PrimaryLevel.umap" TEMPLATE=0 SHOWPROGRESS=1 FEATURELEVEL=3
[2016.02.15-19.30.07:526][570]LightingResults: New page: Lighting Build
[2016.02.15-19.30.07:547][570]LoadErrors: New page: Loading map: PrimaryLevel.umap
[2016.02.15-19.30.07:547][570]MapCheck: New page: Map Check
[2016.02.15-19.30.07:547][570]LightingResults: New page: Lighting Build
[2016.02.15-19.30.07:561][570]LogParticles: Destroying 0 GPU particle simulations for FXSystem 0x000000D56EC9F560
[2016.02.15-19.30.08:059][570]LogBlueprint:Warning: [compiler Second_Level] Warning 'Item' is already a 'Player Game Pad 2', you don't need  Cast To Player_GamePad2 .
[2016.02.15-19.30.08:061][570]LogBlueprint:Warning: [compiler Second_Level] Warning 'Item' is already a 'Player Game Pad', you don't need  Cast To Player_GamePad .
[2016.02.15-19.30.08:066][570]LogBlueprint:Warning: [compiler Second_Level] Warning 'Item' is already a 'Player Game Pad', you don't need  Cast To Player_GamePad .
[2016.02.15-19.30.08:066][570]LogBlueprint:Warning: [compiler Second_Level] Warning 'Item' is already a 'Player Game Pad 2', you don't need  Cast To Player_GamePad2 .
[2016.02.15-19.30.08:082][570]LogBlueprint:Warning: [compiler Second_Level] Warning [0014.43] Compile of Second_Level successful, but with 4 Warning(s) [in 63 ms]
[2016.02.15-19.30.08:082][570]LogBlueprint:Warning: [compiler Second_Level] Warning [0014.43] Compile of Second_Level successful, but with 5 Warning(s) [in 0 ms]
[2016.02.15-19.30.08:082][570]LogBlueprint:Warning: [compiler Second_Level] Warning [0014.43] Compile of Second_Level successful, but with 6 Warning(s) [in 0 ms]
[2016.02.15-19.30.08:147][570]LogBlueprint:Warning: [compiler Second_Level] Warning 'Item' is already a 'Player Game Pad 2', you don't need  Cast To Player_GamePad2 .
[2016.02.15-19.30.08:148][570]LogBlueprint:Warning: [compiler Second_Level] Warning 'Item' is already a 'Player Game Pad', you don't need  Cast To Player_GamePad .
[2016.02.15-19.30.08:153][570]LogBlueprint:Warning: [compiler Second_Level] Warning 'Item' is already a 'Player Game Pad', you don't need  Cast To Player_GamePad .
[2016.02.15-19.30.08:153][570]LogBlueprint:Warning: [compiler Second_Level] Warning 'Item' is already a 'Player Game Pad 2', you don't need  Cast To Player_GamePad2 .
[2016.02.15-19.30.08:169][570]LogBlueprint:Warning: [compiler Second_Level] Warning [0014.52] Compile of Second_Level successful, but with 4 Warning(s) [in 73 ms]
[2016.02.15-19.30.08:169][570]LogBlueprint:Warning: [compiler Second_Level] Warning [0014.52] Compile of Second_Level successful, but with 5 Warning(s) [in 0 ms]
[2016.02.15-19.30.08:169][570]LogBlueprint:Warning: [compiler Second_Level] Warning [0014.52] Compile of Second_Level successful, but with 6 Warning(s) [in 0 ms]
[2016.02.15-19.30.08:509][570]LogEditorServer: Finished looking for orphan Actors (0.000 secs)
[2016.02.15-19.30.08:523][570]Cmd: MAP CHECKDEP NOCLEARLOG
[2016.02.15-19.30.08:801][570]MapCheck: Info Map check complete: 0 Error(s), 0 Warning(s), took 277.313ms to complete.
[2016.02.15-19.30.08:807][570]LogFileHelpers: Loading map 'PrimaryLevel' took 1.281
[2016.02.15-19.30.09:979][691]Cmd: MAP LOAD FILE="../../../../../../Documents/Unreal Projects/AGL_Space_Mates_Source/GGJ_2/Content/Second_Level.umap" TEMPLATE=0 SHOWPROGRESS=1 FEATURELEVEL=3
[2016.02.15-19.30.09:979][691]LightingResults: New page: Lighting Build
[2016.02.15-19.30.10:000][691]LoadErrors: New page: Loading map: Second_Level.umap
[2016.02.15-19.30.10:001][691]MapCheck: New page: Map Check
[2016.02.15-19.30.10:001][691]LightingResults: New page: Lighting Build
[2016.02.15-19.30.10:017][691]LogParticles: Destroying 0 GPU particle simulations for FXSystem 0x000000D57BCC0360
[2016.02.15-19.30.10:021][691]LogAIModule: Creating AISystem for world Second_Level
[2016.02.15-19.30.10:025][691]LogEditorServer: Finished looking for orphan Actors (0.000 secs)
[2016.02.15-19.30.10:037][691]Cmd: MAP CHECKDEP NOCLEARLOG
[2016.02.15-19.30.10:315][691]MapCheck: Info Map check complete: 0 Error(s), 0 Warning(s), took 277.551ms to complete.
[2016.02.15-19.30.10:316][691]LogFileHelpers: Loading map 'Second_Level' took 0.338
[2016.02.15-19.30.14:875][204]LogEditorViewport: Clicking on Actor (LMB): Player_GamePad2_C (Player_GamePad2)
[2016.02.15-19.30.22:194][855]LogBlueprint:Warning: [compiler PrimaryLevel] Warning 'Item' is already a 'Player Game Pad 2', you don't need  Cast To Player_GamePad2 .
[2016.02.15-19.30.22:196][855]LogBlueprint:Warning: [compiler PrimaryLevel] Warning 'Item' is already a 'Player Game Pad', you don't need  Cast To Player_GamePad .
[2016.02.15-19.30.22:202][855]LogBlueprint:Warning: [compiler PrimaryLevel] Warning 'Item' is already a 'Player Game Pad', you don't need  Cast To Player_GamePad .
[2016.02.15-19.30.22:202][855]LogBlueprint:Warning: [compiler PrimaryLevel] Warning 'Item' is already a 'Player Game Pad 2', you don't need  Cast To Player_GamePad2 .
[2016.02.15-19.30.22:217][855]LogBlueprint:Warning: [compiler PrimaryLevel] Warning [0028.56] Compile of PrimaryLevel successful, but with 4 Warning(s) [in 73 ms]
[2016.02.15-19.30.22:218][855]LogBlueprint:Warning: [compiler PrimaryLevel] Warning [0028.56] Compile of PrimaryLevel successful, but with 5 Warning(s) [in 0 ms]
[2016.02.15-19.30.22:218][855]LogBlueprint:Warning: [compiler PrimaryLevel] Warning [0028.56] Compile of PrimaryLevel successful, but with 6 Warning(s) [in 0 ms]
[2016.02.15-19.30.22:282][855]LogBlueprint:Warning: [compiler PrimaryLevel] Warning 'Item' is already a 'Player Game Pad 2', you don't need  Cast To Player_GamePad2 .
[2016.02.15-19.30.22:283][855]LogBlueprint:Warning: [compiler PrimaryLevel] Warning 'Item' is already a 'Player Game Pad', you don't need  Cast To Player_GamePad .
[2016.02.15-19.30.22:288][855]LogBlueprint:Warning: [compiler PrimaryLevel] Warning 'Item' is already a 'Player Game Pad', you don't need  Cast To Player_GamePad .
[2016.02.15-19.30.22:288][855]LogBlueprint:Warning: [compiler PrimaryLevel] Warning 'Item' is already a 'Player Game Pad 2', you don't need  Cast To Player_GamePad2 .
[2016.02.15-19.30.22:304][855]LogBlueprint:Warning: [compiler PrimaryLevel] Warning [0028.65] Compile of PrimaryLevel successful, but with 4 Warning(s) [in 74 ms]
[2016.02.15-19.30.22:304][855]LogBlueprint:Warning: [compiler PrimaryLevel] Warning [0028.65] Compile of PrimaryLevel successful, but with 5 Warning(s) [in 0 ms]
[2016.02.15-19.30.22:304][855]LogBlueprint:Warning: [compiler PrimaryLevel] Warning [0028.65] Compile of PrimaryLevel successful, but with 6 Warning(s) [in 0 ms]
[2016.02.15-19.30.22:394][855]LogAIModule: Creating AISystem for world PrimaryLevel
[2016.02.15-19.30.22:431][855]Cmd: MAP LOAD FILE="../../../../../../Documents/Unreal Projects/AGL_Space_Mates_Source/GGJ_2/Content/PrimaryLevel.umap" TEMPLATE=0 SHOWPROGRESS=1 FEATURELEVEL=3
[2016.02.15-19.30.22:431][855]LightingResults: New page: Lighting Build
[2016.02.15-19.30.22:457][855]LoadErrors: New page: Loading map: PrimaryLevel.umap
[2016.02.15-19.30.22:458][855]MapCheck: New page: Map Check
[2016.02.15-19.30.22:458][855]LightingResults: New page: Lighting Build
[2016.02.15-19.30.22:474][855]LogParticles: Destroying 0 GPU particle simulations for FXSystem 0x000000D57BD423E0
[2016.02.15-19.30.22:723][855]LogBlueprint:Warning: [compiler Second_Level] Warning 'Item' is already a 'Player Game Pad 2', you don't need  Cast To Player_GamePad2 .
[2016.02.15-19.30.22:725][855]LogBlueprint:Warning: [compiler Second_Level] Warning 'Item' is already a 'Player Game Pad', you don't need  Cast To Player_GamePad .
[2016.02.15-19.30.22:729][855]LogBlueprint:Warning: [compiler Second_Level] Warning 'Item' is already a 'Player Game Pad', you don't need  Cast To Player_GamePad .
[2016.02.15-19.30.22:729][855]LogBlueprint:Warning: [compiler Second_Level] Warning 'Item' is already a 'Player Game Pad 2', you don't need  Cast To Player_GamePad2 .
[2016.02.15-19.30.22:745][855]LogBlueprint:Warning: [compiler Second_Level] Warning [0029.09] Compile of Second_Level successful, but with 4 Warning(s) [in 64 ms]
[2016.02.15-19.30.22:745][855]LogBlueprint:Warning: [compiler Second_Level] Warning [0029.09] Compile of Second_Level successful, but with 5 Warning(s) [in 0 ms]
[2016.02.15-19.30.22:745][855]LogBlueprint:Warning: [compiler Second_Level] Warning [0029.09] Compile of Second_Level successful, but with 6 Warning(s) [in 0 ms]
[2016.02.15-19.30.22:815][855]LogBlueprint:Warning: [compiler Second_Level] Warning 'Item' is already a 'Player Game Pad 2', you don't need  Cast To Player_GamePad2 .
[2016.02.15-19.30.22:817][855]LogBlueprint:Warning: [compiler Second_Level] Warning 'Item' is already a 'Player Game Pad', you don't need  Cast To Player_GamePad .
[2016.02.15-19.30.22:826][855]LogBlueprint:Warning: [compiler Second_Level] Warning 'Item' is already a 'Player Game Pad', you don't need  Cast To Player_GamePad .
[2016.02.15-19.30.22:826][855]LogBlueprint:Warning: [compiler Second_Level] Warning 'Item' is already a 'Player Game Pad 2', you don't need  Cast To Player_GamePad2 .
[2016.02.15-19.30.22:854][855]LogBlueprint:Warning: [compiler Second_Level] Warning [0029.20] Compile of Second_Level successful, but with 4 Warning(s) [in 94 ms]
[2016.02.15-19.30.22:854][855]LogBlueprint:Warning: [compiler Second_Level] Warning [0029.20] Compile of Second_Level successful, but with 5 Warning(s) [in 0 ms]
[2016.02.15-19.30.22:854][855]LogBlueprint:Warning: [compiler Second_Level] Warning [0029.20] Compile of Second_Level successful, but with 6 Warning(s) [in 0 ms]
[2016.02.15-19.30.22:956][855]LogEditorServer: Finished looking for orphan Actors (0.000 secs)
[2016.02.15-19.30.22:970][855]Cmd: MAP CHECKDEP NOCLEARLOG
[2016.02.15-19.30.23:266][855]MapCheck: Info Map check complete: 0 Error(s), 0 Warning(s), took 295.71ms to complete.
[2016.02.15-19.30.23:267][855]LogFileHelpers: Loading map 'PrimaryLevel' took 0.837
[2016.02.15-19.31.59:515][905]Cmd: MAP LOAD FILE="../../../../../../Documents/Unreal Projects/AGL_Space_Mates_Source/GGJ_2/Content/Second_Level.umap" TEMPLATE=0 SHOWPROGRESS=1 FEATURELEVEL=3
[2016.02.15-19.31.59:515][905]LightingResults: New page: Lighting Build
[2016.02.15-19.31.59:537][905]LoadErrors: New page: Loading map: Second_Level.umap
[2016.02.15-19.31.59:538][905]MapCheck: New page: Map Check
[2016.02.15-19.31.59:539][905]LightingResults: New page: Lighting Build
[2016.02.15-19.31.59:558][905]LogParticles: Destroying 0 GPU particle simulations for FXSystem 0x000000D55EC71940
[2016.02.15-19.31.59:563][905]LogAIModule: Creating AISystem for world Second_Level
[2016.02.15-19.31.59:568][905]LogEditorServer: Finished looking for orphan Actors (0.000 secs)
[2016.02.15-19.31.59:587][905]Cmd: MAP CHECKDEP NOCLEARLOG
[2016.02.15-19.31.59:873][905]MapCheck: Info Map check complete: 0 Error(s), 0 Warning(s), took 285.971ms to complete.
[2016.02.15-19.31.59:874][905]LogFileHelpers: Loading map 'Second_Level' took 0.361
[2016.02.15-19.32.02:449][150]LogBlueprint:Warning: [compiler PrimaryLevel] Warning 'Item' is already a 'Player Game Pad 2', you don't need  Cast To Player_GamePad2 .
[2016.02.15-19.32.02:450][150]LogBlueprint:Warning: [compiler PrimaryLevel] Warning 'Item' is already a 'Player Game Pad', you don't need  Cast To Player_GamePad .
[2016.02.15-19.32.02:455][150]LogBlueprint:Warning: [compiler PrimaryLevel] Warning 'Item' is already a 'Player Game Pad', you don't need  Cast To Player_GamePad .
[2016.02.15-19.32.02:455][150]LogBlueprint:Warning: [compiler PrimaryLevel] Warning 'Item' is already a 'Player Game Pad 2', you don't need  Cast To Player_GamePad2 .
[2016.02.15-19.32.02:474][150]LogBlueprint:Warning: [compiler PrimaryLevel] Warning [0128.82] Compile of PrimaryLevel successful, but with 4 Warning(s) [in 82 ms]
[2016.02.15-19.32.02:474][150]LogBlueprint:Warning: [compiler PrimaryLevel] Warning [0128.82] Compile of PrimaryLevel successful, but with 5 Warning(s) [in 0 ms]
[2016.02.15-19.32.02:474][150]LogBlueprint:Warning: [compiler PrimaryLevel] Warning [0128.82] Compile of PrimaryLevel successful, but with 6 Warning(s) [in 0 ms]
[2016.02.15-19.32.02:542][150]LogBlueprint:Warning: [compiler PrimaryLevel] Warning 'Item' is already a 'Player Game Pad 2', you don't need  Cast To Player_GamePad2 .
[2016.02.15-19.32.02:544][150]LogBlueprint:Warning: [compiler PrimaryLevel] Warning 'Item' is already a 'Player Game Pad', you don't need  Cast To Player_GamePad .
[2016.02.15-19.32.02:550][150]LogBlueprint:Warning: [compiler PrimaryLevel] Warning 'Item' is already a 'Player Game Pad', you don't need  Cast To Player_GamePad .
[2016.02.15-19.32.02:550][150]LogBlueprint:Warning: [compiler PrimaryLevel] Warning 'Item' is already a 'Player Game Pad 2', you don't need  Cast To Player_GamePad2 .
[2016.02.15-19.32.02:567][150]LogBlueprint:Warning: [compiler PrimaryLevel] Warning [0128.91] Compile of PrimaryLevel successful, but with 4 Warning(s) [in 80 ms]
[2016.02.15-19.32.02:567][150]LogBlueprint:Warning: [compiler PrimaryLevel] Warning [0128.91] Compile of PrimaryLevel successful, but with 5 Warning(s) [in 0 ms]
[2016.02.15-19.32.02:567][150]LogBlueprint:Warning: [compiler PrimaryLevel] Warning [0128.91] Compile of PrimaryLevel successful, but with 6 Warning(s) [in 0 ms]
[2016.02.15-19.32.02:667][150]LogAIModule: Creating AISystem for world PrimaryLevel
[2016.02.15-19.32.02:707][150]Cmd: MAP LOAD FILE="../../../../../../Documents/Unreal Projects/AGL_Space_Mates_Source/GGJ_2/Content/PrimaryLevel.umap" TEMPLATE=0 SHOWPROGRESS=1 FEATURELEVEL=3
[2016.02.15-19.32.02:708][150]LightingResults: New page: Lighting Build
[2016.02.15-19.32.02:728][150]LoadErrors: New page: Loading map: PrimaryLevel.umap
[2016.02.15-19.32.02:729][150]MapCheck: New page: Map Check
[2016.02.15-19.32.02:729][150]LightingResults: New page: Lighting Build
[2016.02.15-19.32.02:747][150]LogParticles: Destroying 0 GPU particle simulations for FXSystem 0x000000D51E672A20
[2016.02.15-19.32.03:070][150]LogBlueprint:Warning: [compiler Second_Level] Warning 'Item' is already a 'Player Game Pad 2', you don't need  Cast To Player_GamePad2 .
[2016.02.15-19.32.03:072][150]LogBlueprint:Warning: [compiler Second_Level] Warning 'Item' is already a 'Player Game Pad', you don't need  Cast To Player_GamePad .
[2016.02.15-19.32.03:077][150]LogBlueprint:Warning: [compiler Second_Level] Warning 'Item' is already a 'Player Game Pad', you don't need  Cast To Player_GamePad .
[2016.02.15-19.32.03:077][150]LogBlueprint:Warning: [compiler Second_Level] Warning 'Item' is already a 'Player Game Pad 2', you don't need  Cast To Player_GamePad2 .
[2016.02.15-19.32.03:095][150]LogBlueprint:Warning: [compiler Second_Level] Warning [0129.44] Compile of Second_Level successful, but with 4 Warning(s) [in 78 ms]
[2016.02.15-19.32.03:095][150]LogBlueprint:Warning: [compiler Second_Level] Warning [0129.44] Compile of Second_Level successful, but with 5 Warning(s) [in 0 ms]
[2016.02.15-19.32.03:095][150]LogBlueprint:Warning: [compiler Second_Level] Warning [0129.44] Compile of Second_Level successful, but with 6 Warning(s) [in 0 ms]
[2016.02.15-19.32.03:168][150]LogBlueprint:Warning: [compiler Second_Level] Warning 'Item' is already a 'Player Game Pad 2', you don't need  Cast To Player_GamePad2 .
[2016.02.15-19.32.03:170][150]LogBlueprint:Warning: [compiler Second_Level] Warning 'Item' is already a 'Player Game Pad', you don't need  Cast To Player_GamePad .
[2016.02.15-19.32.03:175][150]LogBlueprint:Warning: [compiler Second_Level] Warning 'Item' is already a 'Player Game Pad', you don't need  Cast To Player_GamePad .
[2016.02.15-19.32.03:175][150]LogBlueprint:Warning: [compiler Second_Level] Warning 'Item' is already a 'Player Game Pad 2', you don't need  Cast To Player_GamePad2 .
[2016.02.15-19.32.03:199][150]LogBlueprint:Warning: [compiler Second_Level] Warning [0129.54] Compile of Second_Level successful, but with 4 Warning(s) [in 86 ms]
[2016.02.15-19.32.03:199][150]LogBlueprint:Warning: [compiler Second_Level] Warning [0129.54] Compile of Second_Level successful, but with 5 Warning(s) [in 0 ms]
[2016.02.15-19.32.03:199][150]LogBlueprint:Warning: [compiler Second_Level] Warning [0129.54] Compile of Second_Level successful, but with 6 Warning(s) [in 0 ms]
[2016.02.15-19.32.03:327][150]LogEditorServer: Finished looking for orphan Actors (0.000 secs)
[2016.02.15-19.32.03:340][150]Cmd: MAP CHECKDEP NOCLEARLOG
[2016.02.15-19.32.03:626][150]MapCheck: Info Map check complete: 0 Error(s), 0 Warning(s), took 286.037ms to complete.
[2016.02.15-19.32.03:628][150]LogFileHelpers: Loading map 'PrimaryLevel' took 0.922
[2016.02.15-19.32.07:197][528]LogEditorViewport: Clicking on Actor (LMB): Mate_m2_C (Mate_m2)
[2016.02.15-19.32.15:358][175]LogEditorViewport: Clicking on Actor (LMB): Player_GamePad_C (Player_GamePad)
[2016.02.15-19.32.19:401][493]LogEditorViewport: Clicking on Actor (LMB): PaperSpriteActor (Scene-1_Sprite)
[2016.02.15-19.32.38:640][ 50]LogEditorViewport: Clicking on Actor (LMB): BP_Sky_Sphere_C (Sky Sphere)
[2016.02.15-19.32.40:302][172]Cmd: TRANSACTION UNDO
[2016.02.15-19.32.40:302][172]LogEditorTransaction: Undo Clicking on Actors
[2016.02.15-19.32.41:165][231]LogEditorViewport: Clicking on Actor (LMB): Mate_m2_C (Mate_m2)
[2016.02.15-19.33.53:278][754]LogBlueprint:Warning: [compiler GGJ_Level_Two] Warning 'Item' is already a 'Player Game Pad', you don't need  Cast To Player_GamePad .
[2016.02.15-19.33.53:282][754]LogBlueprint:Warning: [compiler GGJ_Level_Two] Warning 'Item' is already a 'Player Game Pad', you don't need  Cast To Player_GamePad .
[2016.02.15-19.33.53:294][754]LogBlueprint:Warning: [compiler GGJ_Level_Two] Warning [0239.64] Compile of GGJ_Level_Two successful, but with 2 Warning(s) [in 40 ms]
[2016.02.15-19.33.53:294][754]LogBlueprint:Warning: [compiler GGJ_Level_Two] Warning [0239.64] Compile of GGJ_Level_Two successful, but with 3 Warning(s) [in 0 ms]
[2016.02.15-19.33.53:294][754]LogBlueprint:Warning: [compiler GGJ_Level_Two] Warning [0239.64] Compile of GGJ_Level_Two successful, but with 4 Warning(s) [in 0 ms]
[2016.02.15-19.33.53:332][754]LogBlueprint:Warning: [compiler GGJ_Level_Two] Warning 'Item' is already a 'Player Game Pad', you don't need  Cast To Player_GamePad .
[2016.02.15-19.33.53:337][754]LogBlueprint:Warning: [compiler GGJ_Level_Two] Warning 'Item' is already a 'Player Game Pad', you don't need  Cast To Player_GamePad .
[2016.02.15-19.33.53:349][754]LogK2Compiler:Warning: Failed to patch linker table for blueprint CDO Default__GGJ_Main_C
[2016.02.15-19.33.53:351][754]LogBlueprint:Warning: [compiler GGJ_Level_Two] Warning [0239.70] Compile of GGJ_Level_Two successful, but with 2 Warning(s) [in 45 ms]
[2016.02.15-19.33.53:351][754]LogBlueprint:Warning: [compiler GGJ_Level_Two] Warning [0239.70] Compile of GGJ_Level_Two successful, but with 3 Warning(s) [in 0 ms]
[2016.02.15-19.33.53:351][754]LogBlueprint:Warning: [compiler GGJ_Level_Two] Warning [0239.70] Compile of GGJ_Level_Two successful, but with 4 Warning(s) [in 0 ms]
[2016.02.15-19.33.53:417][754]LogAIModule: Creating AISystem for world GGJ_Level_Two
[2016.02.15-19.35.14:305][ 40]Cmd: OBJ SAVEPACKAGE PACKAGE="/Game/Second_Level" FILE="../../../../../../Documents/Unreal Projects/AGL_Space_Mates_Source/GGJ_2/Content/Second_Level.umap" SILENT=true AUTOSAVING=false KEEPDIRTY=false
[2016.02.15-19.35.14:484][ 40]LogBlueprint:Warning: [compiler Second_Level] Warning 'Item' is already a 'Player Game Pad 2', you don't need  Cast To Player_GamePad2 .
[2016.02.15-19.35.14:485][ 40]LogBlueprint:Warning: [compiler Second_Level] Warning 'Item' is already a 'Player Game Pad', you don't need  Cast To Player_GamePad .
[2016.02.15-19.35.14:490][ 40]LogBlueprint:Warning: [compiler Second_Level] Warning 'Item' is already a 'Player Game Pad', you don't need  Cast To Player_GamePad .
[2016.02.15-19.35.14:490][ 40]LogBlueprint:Warning: [compiler Second_Level] Warning 'Item' is already a 'Player Game Pad 2', you don't need  Cast To Player_GamePad2 .
[2016.02.15-19.35.14:506][ 40]LogBlueprint:Warning: [compiler Second_Level] Warning [0320.85] Compile of Second_Level successful, but with 4 Warning(s) [in 106 ms]
[2016.02.15-19.35.14:506][ 40]LogBlueprint:Warning: [compiler Second_Level] Warning [0320.85] Compile of Second_Level successful, but with 5 Warning(s) [in 0 ms]
[2016.02.15-19.35.14:506][ 40]LogBlueprint:Warning: [compiler Second_Level] Warning [0320.85] Compile of Second_Level successful, but with 6 Warning(s) [in 0 ms]
[2016.02.15-19.35.14:538][ 40]LogBlueprint:Warning: [compiler Second_Level] Warning [0320.88] Compile of Second_Level successful, but with 7 Warning(s) [in 31 ms]
[2016.02.15-19.35.14:538][ 40]LogBlueprint:Warning: [compiler Second_Level] Warning [0320.88] Compile of Second_Level successful, but with 8 Warning(s) [in 0 ms]
[2016.02.15-19.35.14:538][ 40]LogBlueprint:Warning: [compiler Second_Level] Warning [0320.88] Compile of Second_Level successful, but with 9 Warning(s) [in 0 ms]
[2016.02.15-19.35.15:100][ 40]LogSavePackage: Save=769.165771ms
[2016.02.15-19.35.15:100][ 40]LogSavePackage: Moving '../../../../../../Documents/Unreal Projects/AGL_Space_Mates_Source/GGJ_2/Saved/Second_Level3740018F4B1FA33448FBE58D12FEEFB0.tmp' to '../../../../../../Documents/Unreal Projects/AGL_Space_Mates_Source/GGJ_2/Content/Second_Level.umap'
[2016.02.15-19.35.15:103][ 40]LogSavePackage: Total save time: 780.089676ms
[2016.02.15-19.35.15:103][ 40]LogSavePackage:Display: Finished SavePackage ../../../../../../Documents/Unreal Projects/AGL_Space_Mates_Source/GGJ_2/Content/Second_Level.umap
[2016.02.15-19.35.15:104][ 40]LogFileHelpers: Saving map 'Second_Level' took 1.079
[2016.02.15-19.36.09:790][532]LogWindowsTextInputMethodSystem:Display: IME system now deactivated.
[2016.02.15-19.36.09:996][533]Cmd: QUIT_EDITOR
[2016.02.15-19.36.10:177][533]LogExit: Preparing to exit.
[2016.02.15-19.36.11:347][533]LogExit: Editor shut down
[2016.02.15-19.36.11:348][533]LogExit: Transaction tracking system shut down
[2016.02.15-19.36.11:350][533]LogParticles: Destroying 0 GPU particle simulations for FXSystem 0x000000D57B2C45E0
[2016.02.15-19.36.11:364][533]LogParticles: Destroying 0 GPU particle simulations for FXSystem 0x000000D504D85260
[2016.02.15-19.36.11:364][533]LogParticles: Destroying 0 GPU particle simulations for FXSystem 0x000000D51EBA2700
[2016.02.15-19.36.11:372][533]LogParticles: Destroying 0 GPU particle simulations for FXSystem 0x000000D55EC71DA0
[2016.02.15-19.36.11:557][533]LogExit: Object subsystem successfully closed.
[2016.02.15-19.36.11:572][533]LogD3D11RHI: Shutdown
[2016.02.15-19.36.11:572][533]LogD3D11RHI: CleanupD3DDevice
[2016.02.15-19.36.11:663][533]LogD3D11RHI: ~FD3D11DynamicRHI
[2016.02.15-19.36.11:688][533]LogModuleManager: Shutting down and abandoning module CookingStats (201)
[2016.02.15-19.36.11:688][533]LogModuleManager: Shutting down and abandoning module CrashTracker (200)
[2016.02.15-19.36.11:688][533]LogModuleManager: Shutting down and abandoning module SceneOutliner (199)
[2016.02.15-19.36.11:688][533]LogModuleManager: Shutting down and abandoning module SuperSearch (198)
[2016.02.15-19.36.11:688][533]LogModuleManager: Shutting down and abandoning module WidgetCarousel (197)
[2016.02.15-19.36.11:688][533]LogModuleManager: Shutting down and abandoning module AddContentDialog (196)
[2016.02.15-19.36.11:690][533]LogModuleManager: Shutting down and abandoning module EditorWidgets (195)
[2016.02.15-19.36.11:690][533]LogModuleManager: Shutting down and abandoning module CollectionManager (194)
[2016.02.15-19.36.11:690][533]LogModuleManager: Shutting down and abandoning module StatsViewer (193)
[2016.02.15-19.36.11:690][533]LogModuleManager: Shutting down and abandoning module FoliageEdit (192)
[2016.02.15-19.36.11:690][533]LogModuleManager: Shutting down and abandoning module LandscapeEditor (191)
[2016.02.15-19.36.11:690][533]LogModuleManager: Shutting down and abandoning module ActorPickerMode (190)
[2016.02.15-19.36.11:690][533]LogModuleManager: Shutting down and abandoning module GeometryMode (189)
[2016.02.15-19.36.11:690][533]LogModuleManager: Shutting down and abandoning module TextureAlignMode (188)
[2016.02.15-19.36.11:690][533]LogModuleManager: Shutting down and abandoning module BspMode (187)
[2016.02.15-19.36.11:690][533]LogModuleManager: Shutting down and abandoning module PlacementMode (186)
[2016.02.15-19.36.11:690][533]LogModuleManager: Shutting down and abandoning module AutomationWorker (185)
[2016.02.15-19.36.11:690][533]LogModuleManager: Shutting down and abandoning module CharacterAI (184)
[2016.02.15-19.36.11:690][533]LogModuleManager: Shutting down and abandoning module SmartSnapping (183)
[2016.02.15-19.36.11:690][533]LogModuleManager: Shutting down and abandoning module ViewportSnapping (182)
[2016.02.15-19.36.11:690][533]LogModuleManager: Shutting down and abandoning module LogVisualizer (181)
[2016.02.15-19.36.11:690][533]LogModuleManager: Shutting down and abandoning module GameProjectGeneration (180)
[2016.02.15-19.36.11:690][533]LogModuleManager: Shutting down and abandoning module IntroTutorials (179)
[2016.02.15-19.36.11:690][533]LogModuleManager: Shutting down and abandoning module EditorLiveStreaming (178)
[2016.02.15-19.36.11:690][533]LogModuleManager: Shutting down and abandoning module IOSPlatformEditor (177)
[2016.02.15-19.36.11:690][533]LogModuleManager: Shutting down and abandoning module HTML5PlatformEditor (176)
[2016.02.15-19.36.11:690][533]LogModuleManager: Shutting down and abandoning module AndroidDeviceDetection (175)
[2016.02.15-19.36.12:590][533]LogModuleManager: Shutting down and abandoning module AndroidPlatformEditor (174)
[2016.02.15-19.36.12:590][533]LogModuleManager: Shutting down and abandoning module IOSRuntimeSettings (173)
[2016.02.15-19.36.12:590][533]LogModuleManager: Shutting down and abandoning module AndroidRuntimeSettings (172)
[2016.02.15-19.36.12:590][533]LogModuleManager: Shutting down and abandoning module MergeActors (171)
[2016.02.15-19.36.12:590][533]LogModuleManager: Shutting down and abandoning module SizeMap (170)
[2016.02.15-19.36.12:590][533]LogModuleManager: Shutting down and abandoning module TreeMap (169)
[2016.02.15-19.36.12:590][533]LogModuleManager: Shutting down and abandoning module ReferenceViewer (168)
[2016.02.15-19.36.12:590][533]LogModuleManager: Shutting down and abandoning module LocalizationService (167)
[2016.02.15-19.36.12:590][533]LogModuleManager: Shutting down and abandoning module LocalizationDashboard (166)
[2016.02.15-19.36.12:590][533]LogModuleManager: Shutting down and abandoning module HardwareTargeting (165)
[2016.02.15-19.36.12:590][533]LogModuleManager: Shutting down and abandoning module DeviceProfileEditor (164)
[2016.02.15-19.36.12:590][533]LogModuleManager: Shutting down and abandoning module UndoHistory (163)
[2016.02.15-19.36.12:590][533]LogModuleManager: Shutting down and abandoning module GameplayTagsEditor (162)
[2016.02.15-19.36.12:590][533]LogModuleManager: Shutting down and abandoning module UserFeedback (161)
[2016.02.15-19.36.12:590][533]LogModuleManager: Shutting down and abandoning module XmlParser (160)
[2016.02.15-19.36.12:590][533]LogModuleManager: Shutting down and abandoning module Blutility (159)
[2016.02.15-19.36.12:590][533]LogModuleManager: Shutting down and abandoning module ProjectTargetPlatformEditor (158)
[2016.02.15-19.36.12:590][533]LogModuleManager: Shutting down and abandoning module ProjectSettingsViewer (157)
[2016.02.15-19.36.12:590][533]LogModuleManager: Shutting down and abandoning module InputBindingEditor (156)
[2016.02.15-19.36.12:591][533]LogModuleManager: Shutting down and abandoning module EditorSettingsViewer (155)
[2016.02.15-19.36.12:591][533]LogModuleManager: Shutting down and abandoning module SettingsEditor (154)
[2016.02.15-19.36.12:591][533]LogModuleManager: Shutting down and abandoning module ProjectLauncher (153)
[2016.02.15-19.36.12:591][533]LogModuleManager: Shutting down and abandoning module SessionFrontend (152)
[2016.02.15-19.36.12:591][533]LogModuleManager: Shutting down and abandoning module ProfilerClient (151)
[2016.02.15-19.36.12:591][533]LogModuleManager: Shutting down and abandoning module TargetDeviceServices (150)
[2016.02.15-19.36.12:591][533]LogModuleManager: Shutting down and abandoning module DeviceManager (149)
[2016.02.15-19.36.12:591][533]LogModuleManager: Shutting down and abandoning module AutomationController (148)
[2016.02.15-19.36.12:591][533]LogModuleManager: Shutting down and abandoning module AutomationWindow (147)
[2016.02.15-19.36.12:591][533]LogModuleManager: Shutting down and abandoning module Layers (146)
[2016.02.15-19.36.12:591][533]LogModuleManager: Shutting down and abandoning module ComponentVisualizers (145)
[2016.02.15-19.36.12:591][533]LogModuleManager: Shutting down and abandoning module DetailCustomizations (144)
[2016.02.15-19.36.12:591][533]LogModuleManager: Shutting down and abandoning module PackagesDialog (143)
[2016.02.15-19.36.12:591][533]LogModuleManager: Shutting down and abandoning module Persona (142)
[2016.02.15-19.36.12:591][533]LogModuleManager: Shutting down and abandoning module Kismet (141)
[2016.02.15-19.36.12:591][533]LogModuleManager: Shutting down and abandoning module GraphEditor (140)
[2016.02.15-19.36.12:591][533]LogModuleManager: Shutting down and abandoning module ClassViewer (139)
[2016.02.15-19.36.12:591][533]LogModuleManager: Shutting down and abandoning module Toolbox (138)
[2016.02.15-19.36.12:591][533]LogModuleManager: Shutting down and abandoning module ModuleUI (137)
[2016.02.15-19.36.12:591][533]LogModuleManager: Shutting down and abandoning module MovieSceneTools (136)
[2016.02.15-19.36.12:591][533]LogModuleManager: Shutting down and abandoning module OutputLog (135)
[2016.02.15-19.36.12:591][533]LogModuleManager: Shutting down and abandoning module GammaUI (134)
[2016.02.15-19.36.12:591][533]LogModuleManager: Shutting down and abandoning module Documentation (133)
[2016.02.15-19.36.12:591][533]LogModuleManager: Shutting down and abandoning module GameLiveStreaming (132)
[2016.02.15-19.36.12:591][533]LogModuleManager: Shutting down and abandoning module StreamingPauseRendering (131)
[2016.02.15-19.36.12:591][533]LogModuleManager: Shutting down and abandoning module AnalyticsET (130)
[2016.02.15-19.36.12:591][533]LogModuleManager: Shutting down and abandoning module Analytics (129)
[2016.02.15-19.36.12:591][533]LogModuleManager: Shutting down and abandoning module AITestSuite (128)
[2016.02.15-19.36.12:591][533]LogModuleManager: Shutting down and abandoning module GameplayDebugger (127)
[2016.02.15-19.36.12:591][533]LogModuleManager: Shutting down and abandoning module AIModule (126)
[2016.02.15-19.36.12:591][533]LogModuleManager: Shutting down and abandoning module ProfilerService (125)
[2016.02.15-19.36.12:785][533]LogModuleManager: Shutting down and abandoning module TaskGraph (124)
[2016.02.15-19.36.12:785][533]LogModuleManager: Shutting down and abandoning module SubstanceEditor (123)
[2016.02.15-19.36.12:785][533]LogModuleManager: Shutting down and abandoning module SlateRemote (122)
[2016.02.15-19.36.12:785][533]LogModuleManager: Shutting down and abandoning module SteamVRController (121)
[2016.02.15-19.36.12:785][533]LogModuleManager: Shutting down and abandoning module SteamVR (120)
[2016.02.15-19.36.12:785][533]LogModuleManager: Shutting down and abandoning module ProceduralMeshComponent (119)
[2016.02.15-19.36.12:785][533]LogModuleManager: Shutting down and abandoning module OculusLibrary (118)
[2016.02.15-19.36.12:785][533]LogModuleManager: Shutting down and abandoning module OculusInput (117)
[2016.02.15-19.36.12:785][533]LogModuleManager: Shutting down and abandoning module LeapMotionController (116)
[2016.02.15-19.36.12:815][533]LogModuleManager: Shutting down and abandoning module CustomMeshComponent (115)
[2016.02.15-19.36.12:815][533]LogModuleManager: Shutting down and abandoning module CableComponent (114)
[2016.02.15-19.36.12:815][533]LogModuleManager: Shutting down and abandoning module ArchVisCharacter (113)
[2016.02.15-19.36.12:815][533]LogModuleManager: Shutting down and abandoning module MessagingDebugger (112)
[2016.02.15-19.36.12:815][533]LogModuleManager: Shutting down and abandoning module MediaPlayerEditor (111)
[2016.02.15-19.36.12:815][533]LogModuleManager: Shutting down and abandoning module HTML5Networking (110)
[2016.02.15-19.36.12:815][533]LogModuleManager: Shutting down and abandoning module SpeedTreeImporter (109)
[2016.02.15-19.36.12:815][533]LogModuleManager: Shutting down and abandoning module PluginBrowser (108)
[2016.02.15-19.36.12:815][533]LogModuleManager: Shutting down and abandoning module EpicSurvey (107)
[2016.02.15-19.36.12:816][533]LogModuleManager: Shutting down and abandoning module DesktopPlatform (106)
[2016.02.15-19.36.12:816][533]LogModuleManager: Shutting down and abandoning module VisualStudioSourceCodeAccess (105)
[2016.02.15-19.36.12:816][533]LogModuleManager: Shutting down and abandoning module UObjectPlugin (104)
[2016.02.15-19.36.12:816][533]LogModuleManager: Shutting down and abandoning module SubversionSourceControl (103)
[2016.02.15-19.36.12:816][533]LogModuleManager: Shutting down and abandoning module PerforceSourceControl (102)
[2016.02.15-19.36.12:816][533]LogModuleManager: Shutting down and abandoning module SourceControl (101)
[2016.02.15-19.36.12:816][533]LogModuleManager: Shutting down and abandoning module GitSourceControl (100)
[2016.02.15-19.36.12:816][533]LogModuleManager: Shutting down and abandoning module LightPropagationVolumeEditor (99)
[2016.02.15-19.36.12:816][533]LogModuleManager: Shutting down and abandoning module PaperTiledImporter (98)
[2016.02.15-19.36.12:816][533]LogModuleManager: Shutting down and abandoning module PaperSpriteSheetImporter (97)
[2016.02.15-19.36.12:816][533]LogModuleManager: Shutting down and abandoning module MeshPaint (96)
[2016.02.15-19.36.12:816][533]LogModuleManager: Shutting down and abandoning module SlateReflector (95)
[2016.02.15-19.36.12:816][533]LogModuleManager: Shutting down and abandoning module HotReload (94)
[2016.02.15-19.36.12:816][533]LogModuleManager: Shutting down and abandoning module MainFrame (93)
[2016.02.15-19.36.12:816][533]LogModuleManager: Shutting down and abandoning module LevelEditor (92)
[2016.02.15-19.36.12:818][533]LogModuleManager: Shutting down and abandoning module ContentBrowser (91)
[2016.02.15-19.36.12:819][533]LogModuleManager: Shutting down and abandoning module Paper2DEditor (90)
[2016.02.15-19.36.12:819][533]LogModuleManager: Shutting down and abandoning module UdpMessaging (89)
[2016.02.15-19.36.12:920][533]LogModuleManager: Shutting down and abandoning module DirectoryWatcher (88)
[2016.02.15-19.36.12:921][533]LogModuleManager: Shutting down and abandoning module AssetRegistry (87)
[2016.02.15-19.36.13:041][533]LogModuleManager: Shutting down and abandoning module SubstanceCore (86)
[2016.02.15-19.36.13:041][533]LogModuleManager: Shutting down and abandoning module LightPropagationVolumeRuntime (85)
[2016.02.15-19.36.13:042][533]LogModuleManager: Shutting down and abandoning module Paper2D (84)
[2016.02.15-19.36.13:042][533]LogModuleManager: Shutting down and abandoning module WindowsMoviePlayer (83)
[2016.02.15-19.36.13:044][533]LogModuleManager: Shutting down and abandoning module Media (82)
[2016.02.15-19.36.13:044][533]LogModuleManager: Shutting down and abandoning module WmfMedia (81)
[2016.02.15-19.36.13:044][533]LogModuleManager: Shutting down and abandoning module OnlineBlueprintSupport (80)
[2016.02.15-19.36.13:044][533]LogModuleManager: Shutting down and abandoning module GameplayTasksEditor (79)
[2016.02.15-19.36.13:044][533]LogModuleManager: Shutting down and abandoning module PropertyEditor (78)
[2016.02.15-19.36.13:044][533]LogModuleManager: Shutting down and abandoning module BehaviorTreeEditor (77)
[2016.02.15-19.36.13:044][533]LogModuleManager: Shutting down and abandoning module FunctionalTesting (76)
[2016.02.15-19.36.13:044][533]LogModuleManager: Shutting down and abandoning module CollisionAnalyzer (75)
[2016.02.15-19.36.13:044][533]LogModuleManager: Shutting down and abandoning module WorkspaceMenuStructure (74)
[2016.02.15-19.36.13:044][533]LogModuleManager: Shutting down and abandoning module MessageLog (73)
[2016.02.15-19.36.13:044][533]LogModuleManager: Shutting down and abandoning module Sequencer (72)
[2016.02.15-19.36.13:044][533]LogModuleManager: Shutting down and abandoning module AssetTools (71)
[2016.02.15-19.36.13:044][533]LogModuleManager: Shutting down and abandoning module UMGEditor (70)
[2016.02.15-19.36.13:044][533]LogModuleManager: Shutting down and abandoning module UMG (69)
[2016.02.15-19.36.13:044][533]LogModuleManager: Shutting down and abandoning module Slate (68)
[2016.02.15-19.36.13:044][533]LogModuleManager: Shutting down and abandoning module EditorStyle (67)
[2016.02.15-19.36.13:046][533]LogModuleManager: Shutting down and abandoning module SessionServices (66)
[2016.02.15-19.36.13:046][533]LogModuleManager: Shutting down and abandoning module SourceCodeAccess (65)
[2016.02.15-19.36.13:047][533]LogModuleManager: Shutting down and abandoning module HeadMountedDisplay (64)
[2016.02.15-19.36.13:047][533]LogModuleManager: Shutting down and abandoning module XAudio2 (63)
[2016.02.15-19.36.13:047][533]LogModuleManager: Shutting down and abandoning module Networking (61)
[2016.02.15-19.36.13:047][533]LogModuleManager: Shutting down and abandoning module Core (60)
[2016.02.15-19.36.13:047][533]LogModuleManager: Shutting down and abandoning module KismetCompiler (59)
[2016.02.15-19.36.13:047][533]LogModuleManager: Shutting down and abandoning module PhysXFormats (58)
[2016.02.15-19.36.13:047][533]LogModuleManager: Shutting down and abandoning module MeshUtilities (57)
[2016.02.15-19.36.13:047][533]LogModuleManager: Shutting down and abandoning module DerivedDataCache (56)
[2016.02.15-19.36.13:071][533]LogDerivedDataCache: Shutdown
[2016.02.15-19.36.13:071][533]LogModuleManager: Shutting down and abandoning module ShaderFormatOpenGL (55)
[2016.02.15-19.36.13:071][533]LogModuleManager: Shutting down and abandoning module ShaderFormatD3D (54)
[2016.02.15-19.36.13:071][533]LogModuleManager: Shutting down and abandoning module MetalShaderFormat (53)
[2016.02.15-19.36.13:071][533]LogModuleManager: Shutting down and abandoning module TextureFormatUncompressed (52)
[2016.02.15-19.36.13:071][533]LogModuleManager: Shutting down and abandoning module TextureFormatPVR (51)
[2016.02.15-19.36.13:071][533]LogModuleManager: Shutting down and abandoning module TextureFormatIntelISPCTexComp (50)
[2016.02.15-19.36.13:071][533]LogModuleManager: Shutting down and abandoning module TextureFormatDXT (49)
[2016.02.15-19.36.13:071][533]LogModuleManager: Shutting down and abandoning module ImageWrapper (48)
[2016.02.15-19.36.13:071][533]LogModuleManager: Shutting down and abandoning module TextureFormatASTC (47)
[2016.02.15-19.36.13:071][533]LogModuleManager: Shutting down and abandoning module TextureFormatAndroid (46)
[2016.02.15-19.36.13:071][533]LogModuleManager: Shutting down and abandoning module AudioFormatOpus (45)
[2016.02.15-19.36.13:071][533]LogModuleManager: Shutting down and abandoning module AudioFormatOgg (44)
[2016.02.15-19.36.13:071][533]LogModuleManager: Shutting down and abandoning module AudioFormatADPCM (43)
[2016.02.15-19.36.13:071][533]LogModuleManager: Shutting down and abandoning module LinuxTargetPlatform (42)
[2016.02.15-19.36.13:071][533]LogModuleManager: Shutting down and abandoning module LinuxServerTargetPlatform (41)
[2016.02.15-19.36.13:071][533]LogModuleManager: Shutting down and abandoning module LinuxNoEditorTargetPlatform (40)
[2016.02.15-19.36.13:071][533]LogModuleManager: Shutting down and abandoning module Messaging (39)
[2016.02.15-19.36.13:072][533]LogModuleManager: Shutting down and abandoning module IOSTargetPlatform (38)
[2016.02.15-19.36.13:072][533]LogModuleManager: Shutting down and abandoning module HTML5TargetPlatform (37)
[2016.02.15-19.36.13:072][533]LogModuleManager: Shutting down and abandoning module Android_PVRTCTargetPlatform (36)
[2016.02.15-19.36.13:072][533]LogModuleManager: Shutting down and abandoning module Android_MultiTargetPlatform (35)
[2016.02.15-19.36.13:072][533]LogModuleManager: Shutting down and abandoning module Android_ETC2TargetPlatform (34)
[2016.02.15-19.36.13:072][533]LogModuleManager: Shutting down and abandoning module Android_ETC1TargetPlatform (33)
[2016.02.15-19.36.13:072][533]LogModuleManager: Shutting down and abandoning module Android_DXTTargetPlatform (32)
[2016.02.15-19.36.13:072][533]LogModuleManager: Shutting down and abandoning module Android_ATCTargetPlatform (31)
[2016.02.15-19.36.13:072][533]LogModuleManager: Shutting down and abandoning module Android_ASTCTargetPlatform (30)
[2016.02.15-19.36.13:072][533]LogModuleManager: Shutting down and abandoning module AndroidTargetPlatform (29)
[2016.02.15-19.36.13:072][533]LogModuleManager: Shutting down and abandoning module WindowsTargetPlatform (28)
[2016.02.15-19.36.13:072][533]LogModuleManager: Shutting down and abandoning module WindowsServerTargetPlatform (27)
[2016.02.15-19.36.13:072][533]LogModuleManager: Shutting down and abandoning module WindowsNoEditorTargetPlatform (26)
[2016.02.15-19.36.13:072][533]LogModuleManager: Shutting down and abandoning module WindowsClientTargetPlatform (25)
[2016.02.15-19.36.13:072][533]LogModuleManager: Shutting down and abandoning module AllDesktopTargetPlatform (24)
[2016.02.15-19.36.13:072][533]LogModuleManager: Shutting down and abandoning module TargetPlatform (23)
[2016.02.15-19.36.13:072][533]LogModuleManager: Shutting down and abandoning module InputCore (22)
[2016.02.15-19.36.13:072][533]LogModuleManager: Shutting down and abandoning module Settings (21)
[2016.02.15-19.36.13:072][533]LogModuleManager: Shutting down and abandoning module OnlineSubsystem (19)
[2016.02.15-19.36.13:072][533]LogModuleManager: Shutting down and abandoning module HTTP (18)
[2016.02.15-19.36.14:074][533]LogModuleManager: Shutting down and abandoning module XMPP (17)
[2016.02.15-19.36.14:074][533]LogModuleManager: Shutting down and abandoning module OculusRift (16)
[2016.02.15-19.36.14:074][533]LogModuleManager: Shutting down and abandoning module ExampleDeviceProfileSelector (15)
[2016.02.15-19.36.14:074][533]LogModuleManager: Shutting down and abandoning module TextureCompressor (14)
[2016.02.15-19.36.14:074][533]LogModuleManager: Shutting down and abandoning module ShaderCore (13)
[2016.02.15-19.36.14:074][533]LogModuleManager: Shutting down and abandoning module Landscape (12)
[2016.02.15-19.36.14:074][533]LogModuleManager: Shutting down and abandoning module SlateRHIRenderer (11)
[2016.02.15-19.36.14:075][533]LogModuleManager: Shutting down and abandoning module OpenGLDrv (10)
[2016.02.15-19.36.14:075][533]LogModuleManager: Shutting down and abandoning module D3D11RHI (9)
[2016.02.15-19.36.14:075][533]LogModuleManager: Shutting down and abandoning module AnimGraphRuntime (8)
[2016.02.15-19.36.14:075][533]LogModuleManager: Shutting down and abandoning module Renderer (7)
[2016.02.15-19.36.14:075][533]LogModuleManager: Shutting down and abandoning module Engine (6)
[2016.02.15-19.36.14:075][533]LogModuleManager: Shutting down and abandoning module CoreUObject (5)
[2016.02.15-19.36.14:075][533]LogModuleManager: Shutting down and abandoning module NetworkFile (4)
[2016.02.15-19.36.14:075][533]LogModuleManager: Shutting down and abandoning module StreamingFile (3)
[2016.02.15-19.36.14:075][533]LogModuleManager: Shutting down and abandoning module SandboxFile (2)
[2016.02.15-19.36.14:075][533]LogModuleManager: Shutting down and abandoning module PakFile (1)
[2016.02.15-19.36.14:077][533]LogExit: Exiting.
[2016.02.15-19.36.14:088][533]Log file closed, 02/15/16 19:36:14
